#
# A fatal error has been detected by the Java Runtime Environment:
#
#  SIGSEGV (0xb) at pc=0xb579a260, pid=612, tid=0x6d0ff460
#
# JRE version: OpenJDK Runtime Environment (8.0_212-b01) (build 1.8.0_212-8u212-b01-1+rpi1-b01)
# Java VM: OpenJDK Client VM (25.212-b01 mixed mode linux-aarch32 )
# Problematic frame:
# V  [libjvm.so+0x440260]
#
# Failed to write core dump. Core dumps have been disabled. To enable core dumping, try "ulimit -c unlimited" before starting Java again
#
# If you would like to submit a bug report, please visit:
#   http://bugreport.java.com/bugreport/crash.jsp
#

---------------  T H R E A D  ---------------

Current thread (0x69e0c400):  JavaThread "pool-5-thread-1" [_thread_in_vm, id=742, stack(0x6d0b0000,0x6d100000)]

siginfo: si_signo: 11 (SIGSEGV), si_code: 1 (SEGV_MAPERR), si_addr: 0x00000011

Registers:
R0=0x00000001
R1=0x00000001
R2=0x69e0c400
R3=0xb5934240
R4=0x69e0c400
R5=0xb5968000
R6=0x6d0fe9a8
R7=0xb6fce968
R8=0x69e0c400
R9=0x00000003
R10=0x6bcf05b8
R11=0x6d0fe96c
R12=0x00000003
R13=0x6d0fe930
R14=0xb562d178
R15=0xb579a260

Top of Stack: (sp=0x6d0fe930)
0x6d0fe930:   b5934218 b58fae04 6d0fe9a4 69e0c400
0x6d0fe940:   b5968000 6d0fe9a8 b6fce968 69e0c400
0x6d0fe950:   b5968000 6d0fe9a8 b6fce968 69e0c400
0x6d0fe960:   00000003 6bcf05b8 6d0fe99c b562d178
0x6d0fe970:   00000000 6d0fe96c 69e1f2a4 9b05d800
0x6d0fe980:   6b728628 b6d91e3c 6bcf0572 6d0fe9e4
0x6d0fe990:   6b728018 69e0c400 6d0fe9d4 b2ff25bc
0x6d0fe9a0:   6d0fe9a4 00000001 00000001 9048faf8 

Instructions: (pc=0xb579a260)
0xb579a240:   60 89 1d 00 68 de 1c 00 cc 22 00 00 58 06 00 00
0xb579a250:   4c db 5e 01 f0 4f 2d e9 20 b0 8d e2 1c d0 4d e2
0xb579a260:   10 30 90 e5 d8 45 9f e5 02 00 53 e1 28 20 0b e5
0xb579a270:   00 a0 a0 e1 01 50 a0 e1 04 40 8f e0 0c 00 00 0a 

Register to memory mapping:

R0=0x00000001 is an unknown value
R1=0x00000001 is an unknown value
R2=0x69e0c400 is a thread
R3=0xb5934240: <offset 0x5da240> in /usr/lib/jvm/java-8-openjdk-armhf/jre/lib/arm/client/libjvm.so at 0xb535a000
R4=0x69e0c400 is a thread
R5=0xb5968000: <offset 0x60e000> in /usr/lib/jvm/java-8-openjdk-armhf/jre/lib/arm/client/libjvm.so at 0xb535a000
R6=0x6d0fe9a8 is pointing into the stack for thread: 0x69e0c400
R7=0xb6fce968: __stack_chk_guard+0 in /lib/ld-linux-armhf.so.3 at 0xb6f9e000
R8=0x69e0c400 is a thread
R9=0x00000003 is an unknown value
R10={method} {0x6bcf05b8} 'executeUpdate' '(Lorg/sqlite/core/CoreStatement;[Ljava/lang/Object;)I' in 'org/sqlite/core/DB'
R11=0x6d0fe96c is pointing into the stack for thread: 0x69e0c400
R12=0x00000003 is an unknown value
R13=0x6d0fe930 is pointing into the stack for thread: 0x69e0c400
R14=0xb562d178: <offset 0x2d3178> in /usr/lib/jvm/java-8-openjdk-armhf/jre/lib/arm/client/libjvm.so at 0xb535a000
R15=0xb579a260: <offset 0x440260> in /usr/lib/jvm/java-8-openjdk-armhf/jre/lib/arm/client/libjvm.so at 0xb535a000


Stack: [0x6d0b0000,0x6d100000],  sp=0x6d0fe930,  free space=314k
Native frames: (J=compiled Java code, j=interpreted, Vv=VM code, C=native code)
V  [libjvm.so+0x440260]
V  [libjvm.so+0x2d3178]
j  org.sqlite.core.DB.executeUpdate(Lorg/sqlite/core/CoreStatement;[Ljava/lang/Object;)I+66
j  org.sqlite.jdbc3.JDBC3PreparedStatement.executeUpdate()I+55
j  ro.fr33styler.frconomy.database.Database.updateAccount(Lro/fr33styler/frconomy/account/Account;)V+98
j  ro.fr33styler.frconomy.database.Database.lambda$1(Lro/fr33styler/frconomy/account/Account;)V+2
j  ro.fr33styler.frconomy.database.Database$$Lambda$4518.run()V+8
j  java.util.concurrent.ThreadPoolExecutor.runWorker(Ljava/util/concurrent/ThreadPoolExecutor$Worker;)V+95
j  java.util.concurrent.ThreadPoolExecutor$Worker.run()V+5
j  java.lang.Thread.run()V+11
v  ~StubRoutines::call_stub
V  [libjvm.so+0x2e54b8]
V  [libjvm.so+0x2e31f0]
V  [libjvm.so+0x2e37b0]
V  [libjvm.so+0x33023c]
V  [libjvm.so+0x53d720]
V  [libjvm.so+0x53da18]
V  [libjvm.so+0x455928]
C  [libpthread.so.0+0x6494]  start_thread+0xcc
C  [libc.so.6+0xd7578]

Java frames: (J=compiled Java code, j=interpreted, Vv=VM code)
j  org.sqlite.core.DB.executeUpdate(Lorg/sqlite/core/CoreStatement;[Ljava/lang/Object;)I+66
j  org.sqlite.jdbc3.JDBC3PreparedStatement.executeUpdate()I+55
j  ro.fr33styler.frconomy.database.Database.updateAccount(Lro/fr33styler/frconomy/account/Account;)V+98
j  ro.fr33styler.frconomy.database.Database.lambda$1(Lro/fr33styler/frconomy/account/Account;)V+2
j  ro.fr33styler.frconomy.database.Database$$Lambda$4518.run()V+8
j  java.util.concurrent.ThreadPoolExecutor.runWorker(Ljava/util/concurrent/ThreadPoolExecutor$Worker;)V+95
j  java.util.concurrent.ThreadPoolExecutor$Worker.run()V+5
j  java.lang.Thread.run()V+11
v  ~StubRoutines::call_stub

---------------  P R O C E S S  ---------------

Java Threads: ( => current thread )
  0x720cc400 JavaThread "SIGHUP handler" daemon [_thread_blocked, id=1039, stack(0x6c810000,0x6c860000)]
  0x6cbc4800 JavaThread "process reaper" daemon [_thread_blocked, id=1038, stack(0x71801000,0x71818000)]
  0x003d4c00 JavaThread "Thread-3" [_thread_blocked, id=1036, stack(0x65b0c000,0x65b5c000)]
  0x720cb000 JavaThread "SIGHUP handler" daemon [_thread_blocked, id=1032, stack(0x6b4b0000,0x6b500000)]
  0x7207f800 JavaThread "Netty Server IO #3" daemon [_thread_in_native, id=787, stack(0x6b0d0000,0x6b120000)]
=>0x69e0c400 JavaThread "pool-5-thread-1" [_thread_in_vm, id=742, stack(0x6d0b0000,0x6d100000)]
  0x72078800 JavaThread "Netty Server IO #2" daemon [_thread_in_native, id=731, stack(0x6f418000,0x6f468000)]
  0x7203a400 JavaThread "Netty Server IO #1" daemon [_thread_in_native, id=730, stack(0x6b1c0000,0x6b210000)]
  0x6b53c000 JavaThread "Timer-0" daemon [_thread_blocked, id=663, stack(0x6b460000,0x6b4b0000)]
  0x6b8f7400 JavaThread "jecon-hikari housekeeper" daemon [_thread_blocked, id=661, stack(0x6b910000,0x6b960000)]
  0x6b8c5400 JavaThread "mysql-cj-abandoned-connection-cleanup" daemon [_thread_blocked, id=658, stack(0x6b960000,0x6b9b0000)]
  0x6b898800 JavaThread "JBukkitLib Shared-UUIDRegistry" [_thread_blocked, id=657, stack(0x6b9b0000,0x6ba00000)]
  0x6c14c000 JavaThread "Netty Server IO #0" daemon [_thread_in_Java, id=654, stack(0x6bfb0000,0x6c000000)]
  0x6c14b800 JavaThread "ObjectCleanerThread" daemon [_thread_blocked, id=653, stack(0x6c207000,0x6c257000)]
  0x6c537400 JavaThread "Spigot Metrics Thread" daemon [_thread_blocked, id=650, stack(0x6c3b0000,0x6c400000)]
  0x6c535c00 JavaThread "Spigot Watchdog Thread" [_thread_blocked, id=649, stack(0x6db10000,0x6db60000)]
  0x72122c00 JavaThread "TerminalConsoleWriter" daemon [_thread_blocked, id=645, stack(0x6c860000,0x6c8b0000)]
  0xb5007400 JavaThread "DestroyJavaVM" [_thread_blocked, id=613, stack(0xb5114000,0xb5164000)]
  0x6d46e800 JavaThread "Server thread" [_thread_in_Java, id=644, stack(0x6c8b0000,0x6c900000)]
  0x6d46d000 JavaThread "NonBlockingInputStreamThread" daemon [_thread_blocked, id=643, stack(0x6cc10000,0x6cc60000)]
  0x6cd2b000 JavaThread "Snooper Timer" daemon [_thread_blocked, id=631, stack(0x6ccb0000,0x6cd00000)]
  0x6d443400 JavaThread "Timer hack thread" daemon [_thread_blocked, id=627, stack(0x6db60000,0x6dbb0000)]
  0xb5083c00 JavaThread "Service Thread" daemon [_thread_blocked, id=619, stack(0x718b0000,0x71900000)]
  0xb5081800 JavaThread "C1 CompilerThread0" daemon [_thread_blocked, id=618, stack(0x71a06000,0x71a86000)]
  0xb5080000 JavaThread "Signal Dispatcher" daemon [_thread_blocked, id=617, stack(0x72210000,0x72260000)]
  0xb5064c00 JavaThread "Finalizer" daemon [_thread_blocked, id=616, stack(0x72260000,0x722b0000)]
  0xb5063000 JavaThread "Reference Handler" daemon [_thread_blocked, id=615, stack(0x722b0000,0x72300000)]

Other Threads:
  0xb505d800 VMThread [stack: 0x7240e000,0x7248e000] [id=614]
  0xb5085c00 WatcherThread [stack: 0x71830000,0x718b0000] [id=620]

VM state:not at safepoint (normal execution)

VM Mutex/Monitor currently owned by a thread: None

Heap:
 def new generation   total 194176K, used 157682K [0x72e00000, 0x800b0000, 0x88350000)
  eden space 172608K,  90% used [0x72e00000, 0x7c64d4e0, 0x7d690000)
  from space 21568K,   7% used [0x7d690000, 0x7d83f3d0, 0x7eba0000)
  to   space 21568K,   0% used [0x7eba0000, 0x7eba0000, 0x800b0000)
 tenured generation   total 431316K, used 325356K [0x88350000, 0xa2885000, 0xb2e00000)
   the space 431316K,  75% used [0x88350000, 0x9c10b078, 0x9c10b200, 0xa2885000)
 Metaspace       used 52734K, capacity 60726K, committed 60800K, reserved 61744K

Card table byte_map: [0x72bff000,0x72e00000] byte_map_base: 0x72868000

Polling page: 0xb6fcb000

CodeCache: size=32768Kb used=5613Kb max_used=8132Kb free=27154Kb
 bounds [0xb2f5f000, 0xb3757000, 0xb4f5f000]
 total_blobs=3636 nmethods=3215 adapters=349
 compilation: enabled

Compilation events (10 events):
Event: 1585.850 Thread 0xb5081800 47431             org.bukkit.plugin.PluginBase::getName (8 bytes)
Event: 1585.850 Thread 0xb5081800 nmethod 47431 0xb31d8148 code [0xb31d8240, 0xb31d8330]
Event: 1585.850 Thread 0xb5081800 47432             org.bukkit.plugin.PluginDescriptionFile::getName (5 bytes)
Event: 1585.851 Thread 0xb5081800 nmethod 47432 0xb366a3c8 code [0xb366a4c0, 0xb366a57c]
Event: 1585.851 Thread 0xb5081800 47433   !         java.util.concurrent.ConcurrentHashMap::replaceNode (416 bytes)
Event: 1585.854 Thread 0xb5081800 nmethod 47433 0xb3684a88 code [0xb3684c80, 0xb3685790]
Event: 1585.863 Thread 0xb5081800 47434             org.bukkit.craftbukkit.libs.it.unimi.dsi.fastutil.longs.Long2ObjectOpenHashMap$MapEntry::getValue (13 bytes)
Event: 1585.864 Thread 0xb5081800 nmethod 47434 0xb3194c88 code [0xb3194d80, 0xb3194e5c]
Event: 1585.867 Thread 0xb5081800 47435             net.minecraft.server.v1_16_R2.WorldDataServer::getTime (5 bytes)
Event: 1585.867 Thread 0xb5081800 nmethod 47435 0xb31ff4c8 code [0xb31ff5c0, 0xb31ff67c]

GC Heap History (10 events):
Event: 1543.723 GC heap before
{Heap before GC invocations=612 (full 4):
 def new generation   total 194176K, used 174760K [0x72e00000, 0x800b0000, 0x88350000)
  eden space 172608K, 100% used [0x72e00000, 0x7d690000, 0x7d690000)
  from space 21568K,   9% used [0x7eba0000, 0x7edba338, 0x800b0000)
  to   space 21568K,   0% used [0x7d690000, 0x7d690000, 0x7eba0000)
 tenured generation   total 431316K, used 325010K [0x88350000, 0xa2885000, 0xb2e00000)
   the space 431316K,  75% used [0x88350000, 0x9c0b4928, 0x9c0b4a00, 0xa2885000)
 Metaspace       used 52721K, capacity 60716K, committed 60800K, reserved 61744K
Event: 1543.740 GC heap after
Heap after GC invocations=613 (full 4):
 def new generation   total 194176K, used 2371K [0x72e00000, 0x800b0000, 0x88350000)
  eden space 172608K,   0% used [0x72e00000, 0x72e00000, 0x7d690000)
  from space 21568K,  10% used [0x7d690000, 0x7d8e0ea0, 0x7eba0000)
  to   space 21568K,   0% used [0x7eba0000, 0x7eba0000, 0x800b0000)
 tenured generation   total 431316K, used 325038K [0x88350000, 0xa2885000, 0xb2e00000)
   the space 431316K,  75% used [0x88350000, 0x9c0bb8f8, 0x9c0bba00, 0xa2885000)
 Metaspace       used 52721K, capacity 60716K, committed 60800K, reserved 61744K
}
Event: 1552.066 GC heap before
{Heap before GC invocations=613 (full 4):
 def new generation   total 194176K, used 174979K [0x72e00000, 0x800b0000, 0x88350000)
  eden space 172608K, 100% used [0x72e00000, 0x7d690000, 0x7d690000)
  from space 21568K,  10% used [0x7d690000, 0x7d8e0ea0, 0x7eba0000)
  to   space 21568K,   0% used [0x7eba0000, 0x7eba0000, 0x800b0000)
 tenured generation   total 431316K, used 325038K [0x88350000, 0xa2885000, 0xb2e00000)
   the space 431316K,  75% used [0x88350000, 0x9c0bb8f8, 0x9c0bba00, 0xa2885000)
 Metaspace       used 52725K, capacity 60721K, committed 60800K, reserved 61744K
Event: 1552.082 GC heap after
Heap after GC invocations=614 (full 4):
 def new generation   total 194176K, used 2257K [0x72e00000, 0x800b0000, 0x88350000)
  eden space 172608K,   0% used [0x72e00000, 0x72e00000, 0x7d690000)
  from space 21568K,  10% used [0x7eba0000, 0x7edd45a8, 0x800b0000)
  to   space 21568K,   0% used [0x7d690000, 0x7d690000, 0x7eba0000)
 tenured generation   total 431316K, used 325046K [0x88350000, 0xa2885000, 0xb2e00000)
   the space 431316K,  75% used [0x88350000, 0x9c0bdb78, 0x9c0bdc00, 0xa2885000)
 Metaspace       used 52725K, capacity 60721K, committed 60800K, reserved 61744K
}
Event: 1560.903 GC heap before
{Heap before GC invocations=614 (full 4):
 def new generation   total 194176K, used 174865K [0x72e00000, 0x800b0000, 0x88350000)
  eden space 172608K, 100% used [0x72e00000, 0x7d690000, 0x7d690000)
  from space 21568K,  10% used [0x7eba0000, 0x7edd45a8, 0x800b0000)
  to   space 21568K,   0% used [0x7d690000, 0x7d690000, 0x7eba0000)
 tenured generation   total 431316K, used 325046K [0x88350000, 0xa2885000, 0xb2e00000)
   the space 431316K,  75% used [0x88350000, 0x9c0bdb78, 0x9c0bdc00, 0xa2885000)
 Metaspace       used 52725K, capacity 60721K, committed 60800K, reserved 61744K
Event: 1560.919 GC heap after
Heap after GC invocations=615 (full 4):
 def new generation   total 194176K, used 2180K [0x72e00000, 0x800b0000, 0x88350000)
  eden space 172608K,   0% used [0x72e00000, 0x72e00000, 0x7d690000)
  from space 21568K,  10% used [0x7d690000, 0x7d8b10e8, 0x7eba0000)
  to   space 21568K,   0% used [0x7eba0000, 0x7eba0000, 0x800b0000)
 tenured generation   total 431316K, used 325079K [0x88350000, 0xa2885000, 0xb2e00000)
   the space 431316K,  75% used [0x88350000, 0x9c0c5d08, 0x9c0c5e00, 0xa2885000)
 Metaspace       used 52725K, capacity 60721K, committed 60800K, reserved 61744K
}
Event: 1569.318 GC heap before
{Heap before GC invocations=615 (full 4):
 def new generation   total 194176K, used 174788K [0x72e00000, 0x800b0000, 0x88350000)
  eden space 172608K, 100% used [0x72e00000, 0x7d690000, 0x7d690000)
  from space 21568K,  10% used [0x7d690000, 0x7d8b10e8, 0x7eba0000)
  to   space 21568K,   0% used [0x7eba0000, 0x7eba0000, 0x800b0000)
 tenured generation   total 431316K, used 325079K [0x88350000, 0xa2885000, 0xb2e00000)
   the space 431316K,  75% used [0x88350000, 0x9c0c5d08, 0x9c0c5e00, 0xa2885000)
 Metaspace       used 52725K, capacity 60721K, committed 60800K, reserved 61744K
Event: 1569.333 GC heap after
Heap after GC invocations=616 (full 4):
 def new generation   total 194176K, used 1777K [0x72e00000, 0x800b0000, 0x88350000)
  eden space 172608K,   0% used [0x72e00000, 0x72e00000, 0x7d690000)
  from space 21568K,   8% used [0x7eba0000, 0x7ed5c570, 0x800b0000)
  to   space 21568K,   0% used [0x7d690000, 0x7d690000, 0x7eba0000)
 tenured generation   total 431316K, used 325343K [0x88350000, 0xa2885000, 0xb2e00000)
   the space 431316K,  75% used [0x88350000, 0x9c107ff8, 0x9c108000, 0xa2885000)
 Metaspace       used 52725K, capacity 60721K, committed 60800K, reserved 61744K
}
Event: 1577.830 GC heap before
{Heap before GC invocations=616 (full 4):
 def new generation   total 194176K, used 174385K [0x72e00000, 0x800b0000, 0x88350000)
  eden space 172608K, 100% used [0x72e00000, 0x7d690000, 0x7d690000)
  from space 21568K,   8% used [0x7eba0000, 0x7ed5c570, 0x800b0000)
  to   space 21568K,   0% used [0x7d690000, 0x7d690000, 0x7eba0000)
 tenured generation   total 431316K, used 325343K [0x88350000, 0xa2885000, 0xb2e00000)
   the space 431316K,  75% used [0x88350000, 0x9c107ff8, 0x9c108000, 0xa2885000)
 Metaspace       used 52725K, capacity 60721K, committed 60800K, reserved 61744K
Event: 1577.845 GC heap after
Heap after GC invocations=617 (full 4):
 def new generation   total 194176K, used 1724K [0x72e00000, 0x800b0000, 0x88350000)
  eden space 172608K,   0% used [0x72e00000, 0x72e00000, 0x7d690000)
  from space 21568K,   7% used [0x7d690000, 0x7d83f3d0, 0x7eba0000)
  to   space 21568K,   0% used [0x7eba0000, 0x7eba0000, 0x800b0000)
 tenured generation   total 431316K, used 325356K [0x88350000, 0xa2885000, 0xb2e00000)
   the space 431316K,  75% used [0x88350000, 0x9c10b078, 0x9c10b200, 0xa2885000)
 Metaspace       used 52725K, capacity 60721K, committed 60800K, reserved 61744K
}

Deoptimization events (0 events):
No events

Classes redefined (0 events):
No events

Internal exceptions (10 events):
Event: 1585.809 Thread 0x72122c00 Exception <a 'java/io/IOException'> (0x7c2ead48) thrown at [/openjdk-8-8u212-b01/src/hotspot/src/share/vm/prims/jni.cpp, line 710]
Event: 1585.809 Thread 0x72122c00 Exception <a 'java/io/IOException'> (0x7c2eafa8) thrown at [/openjdk-8-8u212-b01/src/hotspot/src/share/vm/prims/jni.cpp, line 710]
Event: 1585.809 Thread 0x72122c00 Exception <a 'java/io/IOException'> (0x7c2eb228) thrown at [/openjdk-8-8u212-b01/src/hotspot/src/share/vm/prims/jni.cpp, line 710]
Event: 1585.809 Thread 0x72122c00 Exception <a 'java/io/IOException'> (0x7c2eb488) thrown at [/openjdk-8-8u212-b01/src/hotspot/src/share/vm/prims/jni.cpp, line 710]
Event: 1585.809 Thread 0x72122c00 Exception <a 'java/io/IOException'> (0x7c2eb6e8) thrown at [/openjdk-8-8u212-b01/src/hotspot/src/share/vm/prims/jni.cpp, line 710]
Event: 1585.809 Thread 0x72122c00 Exception <a 'java/io/IOException'> (0x7c2eb958) thrown at [/openjdk-8-8u212-b01/src/hotspot/src/share/vm/prims/jni.cpp, line 710]
Event: 1585.809 Thread 0x72122c00 Exception <a 'java/io/IOException'> (0x7c2ebbb8) thrown at [/openjdk-8-8u212-b01/src/hotspot/src/share/vm/prims/jni.cpp, line 710]
Event: 1585.809 Thread 0x72122c00 Exception <a 'java/io/IOException'> (0x7c2ebe18) thrown at [/openjdk-8-8u212-b01/src/hotspot/src/share/vm/prims/jni.cpp, line 710]
Event: 1585.810 Thread 0x72122c00 Exception <a 'java/io/IOException'> (0x7c2ed470) thrown at [/openjdk-8-8u212-b01/src/hotspot/src/share/vm/prims/jni.cpp, line 710]
Event: 1585.810 Thread 0x72122c00 Exception <a 'java/io/IOException'> (0x7c2ed6d0) thrown at [/openjdk-8-8u212-b01/src/hotspot/src/share/vm/prims/jni.cpp, line 710]

Events (10 events):
Event: 1585.865 Thread 0xb5081800 flushing nmethod 0xb327d348
Event: 1585.865 Thread 0xb5081800 flushing nmethod 0xb3299888
Event: 1585.865 Thread 0xb5081800 flushing nmethod 0xb32abfc8
Event: 1585.865 Thread 0xb5081800 flushing nmethod 0xb32bc208
Event: 1585.865 Thread 0xb5081800 flushing nmethod 0xb32c7648
Event: 1585.866 Thread 0xb5081800 flushing nmethod 0xb32f3b88
Event: 1585.866 Thread 0xb5081800 flushing nmethod 0xb3330bc8
Event: 1585.867 Thread 0xb5081800 flushing nmethod 0xb33c6f08
Event: 1585.868 Thread 0xb5081800 flushing nmethod 0xb34c3b88
Event: 1585.868 Thread 0xb5081800 flushing nmethod 0xb34f86c8


Dynamic libraries:
00010000-00011000 r-xp 00000000 b3:02 134946     /usr/lib/jvm/java-8-openjdk-armhf/jre/bin/java
00020000-00021000 r--p 00000000 b3:02 134946     /usr/lib/jvm/java-8-openjdk-armhf/jre/bin/java
00021000-00022000 rw-p 00001000 b3:02 134946     /usr/lib/jvm/java-8-openjdk-armhf/jre/bin/java
003c5000-00480000 rw-p 00000000 00:00 0          [heap]
65a0c000-65a2c000 rw-p 00000000 00:00 0 
65a2c000-65b0c000 ---p 00000000 00:00 0 
65b0c000-65b0f000 ---p 00000000 00:00 0 
65b0f000-67c5e000 rw-p 00000000 00:00 0 
67c5e000-67c61000 ---p 00000000 00:00 0 
67c61000-67dae000 rw-p 00000000 00:00 0 
67dae000-67db1000 ---p 00000000 00:00 0 
67db1000-69e00000 rw-p 00000000 00:00 0 
69e00000-69ef0000 rw-p 00000000 00:00 0 
69ef0000-69f00000 ---p 00000000 00:00 0 
69f00000-6a000000 rw-p 00000000 00:00 0 
6a000000-6a100000 rw-p 00000000 00:00 0 
6a100000-6a200000 rw-p 00000000 00:00 0 
6a200000-6a300000 rw-p 00000000 00:00 0 
6a300000-6a3ff000 rw-p 00000000 00:00 0 
6a3ff000-6a400000 ---p 00000000 00:00 0 
6a400000-6a500000 rw-p 00000000 00:00 0 
6a500000-6a600000 rw-p 00000000 00:00 0 
6a600000-6a700000 rw-p 00000000 00:00 0 
6a700000-6a800000 rw-p 00000000 00:00 0 
6a800000-6a900000 rw-p 00000000 00:00 0 
6a900000-6a9ed000 rw-p 00000000 00:00 0 
6a9ed000-6aa00000 ---p 00000000 00:00 0 
6aa00000-6ab00000 rw-p 00000000 00:00 0 
6ab00000-6ac00000 rw-p 00000000 00:00 0 
6ac00000-6ad00000 rw-p 00000000 00:00 0 
6ad00000-6ae00000 rw-p 00000000 00:00 0 
6ae00000-6af00000 rw-p 00000000 00:00 0 
6af18000-6af95000 r-xp 00000000 b3:02 134965     /usr/lib/jvm/java-8-openjdk-armhf/jre/lib/arm/libawt.so
6af95000-6afa4000 ---p 0007d000 b3:02 134965     /usr/lib/jvm/java-8-openjdk-armhf/jre/lib/arm/libawt.so
6afa4000-6afa5000 r--p 0007c000 b3:02 134965     /usr/lib/jvm/java-8-openjdk-armhf/jre/lib/arm/libawt.so
6afa5000-6afac000 rw-p 0007d000 b3:02 134965     /usr/lib/jvm/java-8-openjdk-armhf/jre/lib/arm/libawt.so
6afac000-6b0d0000 rw-p 00000000 00:00 0 
6b0d0000-6b0d3000 ---p 00000000 00:00 0 
6b0d3000-6b120000 rw-p 00000000 00:00 0 
6b120000-6b123000 ---p 00000000 00:00 0 
6b123000-6b170000 rw-p 00000000 00:00 0 
6b170000-6b173000 ---p 00000000 00:00 0 
6b173000-6b1c0000 rw-p 00000000 00:00 0 
6b1c0000-6b1c3000 ---p 00000000 00:00 0 
6b1c3000-6b310000 rw-p 00000000 00:00 0 
6b310000-6b313000 ---p 00000000 00:00 0 
6b313000-6b460000 rw-p 00000000 00:00 0 
6b460000-6b463000 ---p 00000000 00:00 0 
6b463000-6b4b0000 rw-p 00000000 00:00 0 
6b4b0000-6b4b3000 ---p 00000000 00:00 0 
6b4b3000-6b500000 rw-p 00000000 00:00 0 
6b500000-6b5fa000 rw-p 00000000 00:00 0 
6b5fa000-6b600000 ---p 00000000 00:00 0 
6b625000-6b6ec000 r-xp 00000000 b3:02 2335       /tmp/sqlite-3.32.3-d901fac3-d6d5-404a-a408-af6431c2eb63-libsqlitejdbc.so
6b6ec000-6b6fc000 ---p 000c7000 b3:02 2335       /tmp/sqlite-3.32.3-d901fac3-d6d5-404a-a408-af6431c2eb63-libsqlitejdbc.so
6b6fc000-6b6fe000 r--p 000c7000 b3:02 2335       /tmp/sqlite-3.32.3-d901fac3-d6d5-404a-a408-af6431c2eb63-libsqlitejdbc.so
6b6fe000-6b700000 rw-p 000c9000 b3:02 2335       /tmp/sqlite-3.32.3-d901fac3-d6d5-404a-a408-af6431c2eb63-libsqlitejdbc.so
6b700000-6b800000 rw-p 00000000 00:00 0 
6b800000-6b8fe000 rw-p 00000000 00:00 0 
6b8fe000-6b900000 ---p 00000000 00:00 0 
6b910000-6b913000 ---p 00000000 00:00 0 
6b913000-6b960000 rw-p 00000000 00:00 0 
6b960000-6b963000 ---p 00000000 00:00 0 
6b963000-6b9b0000 rw-p 00000000 00:00 0 
6b9b0000-6b9b3000 ---p 00000000 00:00 0 
6b9b3000-6ba00000 rw-p 00000000 00:00 0 
6ba00000-6bafa000 rw-p 00000000 00:00 0 
6bafa000-6bb00000 ---p 00000000 00:00 0 
6bb00000-6bc00000 rw-p 00000000 00:00 0 
6bc00000-6bd00000 rw-p 00000000 00:00 0 
6bd00000-6be00000 rw-p 00000000 00:00 0 
6be1f000-6be25000 r-xp 00000000 b3:02 134966     /usr/lib/jvm/java-8-openjdk-armhf/jre/lib/arm/libawt_headless.so
6be25000-6be34000 ---p 00006000 b3:02 134966     /usr/lib/jvm/java-8-openjdk-armhf/jre/lib/arm/libawt_headless.so
6be34000-6be35000 r--p 00005000 b3:02 134966     /usr/lib/jvm/java-8-openjdk-armhf/jre/lib/arm/libawt_headless.so
6be35000-6be36000 rw-p 00006000 b3:02 134966     /usr/lib/jvm/java-8-openjdk-armhf/jre/lib/arm/libawt_headless.so
6be36000-6be3f000 r--s 0010f000 b3:02 137736     /home/pi/mc-server/plugins/Jobs4.16.2.jar
6be3f000-6be48000 r--s 0010f000 b3:02 137736     /home/pi/mc-server/plugins/Jobs4.16.2.jar
6be48000-6be58000 r--s 000c8000 b3:02 137765     /home/pi/mc-server/plugins/ChestShop.jar
6be58000-6be84000 r--s 00204000 b3:02 137727     /home/pi/mc-server/plugins/EconomicLandProtection-1.0.1.jar
6be84000-6beb0000 r--s 00204000 b3:02 137727     /home/pi/mc-server/plugins/EconomicLandProtection-1.0.1.jar
6beb0000-6bfb0000 rw-p 00000000 00:00 0 
6bfb0000-6bfb3000 ---p 00000000 00:00 0 
6bfb3000-6c100000 rw-p 00000000 00:00 0 
6c100000-6c1fd000 rw-p 00000000 00:00 0 
6c1fd000-6c200000 ---p 00000000 00:00 0 
6c200000-6c205000 r--s 002f9000 b3:02 134995     /usr/lib/jvm/java-8-openjdk-armhf/jre/lib/charsets.jar
6c205000-6c206000 r--s 00002000 b3:02 137728     /home/pi/mc-server/plugins/SimpleSpawn-Back.jar
6c206000-6c207000 r--s 00002000 b3:02 137728     /home/pi/mc-server/plugins/SimpleSpawn-Back.jar
6c207000-6c20a000 ---p 00000000 00:00 0 
6c20a000-6c257000 rw-p 00000000 00:00 0 
6c257000-6c268000 r-xp 00000000 b3:02 1693       /lib/arm-linux-gnueabihf/libresolv-2.28.so
6c268000-6c277000 ---p 00011000 b3:02 1693       /lib/arm-linux-gnueabihf/libresolv-2.28.so
6c277000-6c278000 r--p 00010000 b3:02 1693       /lib/arm-linux-gnueabihf/libresolv-2.28.so
6c278000-6c279000 rw-p 00011000 b3:02 1693       /lib/arm-linux-gnueabihf/libresolv-2.28.so
6c279000-6c37b000 rw-p 00000000 00:00 0 
6c37b000-6c39e000 r-xp 00000000 b3:02 134991     /usr/lib/jvm/java-8-openjdk-armhf/jre/lib/arm/libsunec.so
6c39e000-6c3ad000 ---p 00023000 b3:02 134991     /usr/lib/jvm/java-8-openjdk-armhf/jre/lib/arm/libsunec.so
6c3ad000-6c3af000 r--p 00022000 b3:02 134991     /usr/lib/jvm/java-8-openjdk-armhf/jre/lib/arm/libsunec.so
6c3af000-6c3b0000 rw-p 00024000 b3:02 134991     /usr/lib/jvm/java-8-openjdk-armhf/jre/lib/arm/libsunec.so
6c3b0000-6c3b3000 ---p 00000000 00:00 0 
6c3b3000-6c500000 rw-p 00000000 00:00 0 
6c500000-6c5f8000 rw-p 00000000 00:00 0 
6c5f8000-6c600000 ---p 00000000 00:00 0 
6c600000-6c610000 r--s 000c8000 b3:02 137765     /home/pi/mc-server/plugins/ChestShop.jar
6c610000-6c710000 rw-p 00000000 00:00 0 
6c710000-6c810000 rw-p 00000000 00:00 0 
6c810000-6c813000 ---p 00000000 00:00 0 
6c813000-6c860000 rw-p 00000000 00:00 0 
6c860000-6c863000 ---p 00000000 00:00 0 
6c863000-6c8b0000 rw-p 00000000 00:00 0 
6c8b0000-6c8b3000 ---p 00000000 00:00 0 
6c8b3000-6ca00000 rw-p 00000000 00:00 0 
6ca00000-6cb00000 rw-p 00000000 00:00 0 
6cb00000-6cbff000 rw-p 00000000 00:00 0 
6cbff000-6cc00000 ---p 00000000 00:00 0 
6cc00000-6cc01000 r--s 00003000 b3:02 137791     /home/pi/mc-server/plugins/SimpleSpawn-Work.jar
6cc01000-6cc02000 r--s 00003000 b3:02 137790     /home/pi/mc-server/plugins/SimpleSpawn-Warp.jar
6cc02000-6cc03000 r--s 00003000 b3:02 137791     /home/pi/mc-server/plugins/SimpleSpawn-Work.jar
6cc03000-6cc04000 r--s 00003000 b3:02 137790     /home/pi/mc-server/plugins/SimpleSpawn-Warp.jar
6cc04000-6cc05000 r--s 00005000 b3:02 137740     /home/pi/mc-server/plugins/frConomy.jar
6cc05000-6cc06000 r--s 00004000 b3:02 137787     /home/pi/mc-server/plugins/SimpleSpawn-Home.jar
6cc06000-6cc07000 r--s 00005000 b3:02 137740     /home/pi/mc-server/plugins/frConomy.jar
6cc07000-6cc08000 r--s 00005000 b3:02 137788     /home/pi/mc-server/plugins/SimpleSpawn-Jail.jar
6cc08000-6cc10000 r--s 00055000 b3:02 137741     /home/pi/mc-server/plugins/AutoTool-1.1.2.jar
6cc10000-6cc13000 ---p 00000000 00:00 0 
6cc13000-6cc60000 rw-p 00000000 00:00 0 
6cc60000-6cc63000 ---p 00000000 00:00 0 
6cc63000-6ccb0000 rw-p 00000000 00:00 0 
6ccb0000-6ccb3000 ---p 00000000 00:00 0 
6ccb3000-6cd00000 rw-p 00000000 00:00 0 
6cd00000-6cdf2000 rw-p 00000000 00:00 0 
6cdf2000-6ce00000 ---p 00000000 00:00 0 
6ce00000-6ce02000 r--s 00008000 b3:02 137786     /home/pi/mc-server/plugins/SimpleSpawn-Core.jar
6ce02000-6ce04000 r--s 00008000 b3:02 137786     /home/pi/mc-server/plugins/SimpleSpawn-Core.jar
6ce04000-6ce08000 r-xp 00000000 b3:02 1670       /lib/arm-linux-gnueabihf/libnss_dns-2.28.so
6ce08000-6ce17000 ---p 00004000 b3:02 1670       /lib/arm-linux-gnueabihf/libnss_dns-2.28.so
6ce17000-6ce18000 r--p 00003000 b3:02 1670       /lib/arm-linux-gnueabihf/libnss_dns-2.28.so
6ce18000-6ce19000 rw-p 00004000 b3:02 1670       /lib/arm-linux-gnueabihf/libnss_dns-2.28.so
6ce19000-6cf19000 rw-p 00000000 00:00 0 
6cf19000-6d019000 rw-p 00000000 00:00 0 
6d060000-6d063000 ---p 00000000 00:00 0 
6d063000-6d0b0000 rw-p 00000000 00:00 0 
6d0b0000-6d0b3000 ---p 00000000 00:00 0 
6d0b3000-6d200000 rw-p 00000000 00:00 0 
6d200000-6d300000 rw-p 00000000 00:00 0 
6d300000-6d400000 rw-p 00000000 00:00 0 
6d400000-6d500000 rw-p 00000000 00:00 0 
6d500000-6d600000 rw-p 00000000 00:00 0 
6d600000-6d700000 rw-p 00000000 00:00 0 
6d700000-6d800000 rw-p 00000000 00:00 0 
6d800000-6d900000 rw-p 00000000 00:00 0 
6d900000-6da00000 rw-p 00000000 00:00 0 
6da00000-6dafb000 rw-p 00000000 00:00 0 
6dafb000-6db00000 ---p 00000000 00:00 0 
6db00000-6db01000 r--s 00004000 b3:02 137787     /home/pi/mc-server/plugins/SimpleSpawn-Home.jar
6db01000-6db06000 r--s 0003e000 b3:02 137754     /home/pi/mc-server/plugins/Vault.jar
6db06000-6db0e000 r--s 00055000 b3:02 137741     /home/pi/mc-server/plugins/AutoTool-1.1.2.jar
6db0e000-6db10000 r--s 00008000 b3:02 128112     /home/pi/mc-server/plugins/DeadChest-4.1.1.jar
6db10000-6db13000 ---p 00000000 00:00 0 
6db13000-6db60000 rw-p 00000000 00:00 0 
6db60000-6db63000 ---p 00000000 00:00 0 
6db63000-6dcb0000 rw-p 00000000 00:00 0 
6dcb0000-6ddb0000 rw-p 00000000 00:00 0 
6ddb0000-6deb0000 rw-p 00000000 00:00 0 
6deb0000-6dfb0000 rw-p 00000000 00:00 0 
6dfb0000-6e0b0000 rw-p 00000000 00:00 0 
6e0b0000-6e0b3000 ---p 00000000 00:00 0 
6e0b3000-6e100000 rw-p 00000000 00:00 0 
6e100000-6e200000 rw-p 00000000 00:00 0 
6e200000-6e300000 rw-p 00000000 00:00 0 
6e300000-6e400000 rw-p 00000000 00:00 0 
6e400000-6e500000 rw-p 00000000 00:00 0 
6e500000-6e600000 rw-p 00000000 00:00 0 
6e600000-6e700000 rw-p 00000000 00:00 0 
6e700000-6e7fc000 rw-p 00000000 00:00 0 
6e7fc000-6e800000 ---p 00000000 00:00 0 
6e800000-6e900000 rw-p 00000000 00:00 0 
6e900000-6e9fe000 rw-p 00000000 00:00 0 
6e9fe000-6ea00000 ---p 00000000 00:00 0 
6ea00000-6eb00000 rw-p 00000000 00:00 0 
6eb00000-6ebfa000 rw-p 00000000 00:00 0 
6ebfa000-6ec00000 ---p 00000000 00:00 0 
6ec00000-6ed00000 rw-p 00000000 00:00 0 
6ed00000-6edff000 rw-p 00000000 00:00 0 
6edff000-6ee00000 ---p 00000000 00:00 0 
6ee00000-6ef00000 rw-p 00000000 00:00 0 
6ef00000-6f000000 rw-p 00000000 00:00 0 
6f000000-6f100000 rw-p 00000000 00:00 0 
6f100000-6f200000 rw-p 00000000 00:00 0 
6f200000-6f300000 rw-p 00000000 00:00 0 
6f300000-6f3fb000 rw-p 00000000 00:00 0 
6f3fb000-6f400000 ---p 00000000 00:00 0 
6f400000-6f405000 r--s 0003e000 b3:02 137754     /home/pi/mc-server/plugins/Vault.jar
6f405000-6f407000 r-xp 00000000 b3:02 1675       /lib/arm-linux-gnueabihf/libnss_mdns4_minimal.so.2
6f407000-6f416000 ---p 00002000 b3:02 1675       /lib/arm-linux-gnueabihf/libnss_mdns4_minimal.so.2
6f416000-6f417000 r--p 00001000 b3:02 1675       /lib/arm-linux-gnueabihf/libnss_mdns4_minimal.so.2
6f417000-6f418000 rw-p 00002000 b3:02 1675       /lib/arm-linux-gnueabihf/libnss_mdns4_minimal.so.2
6f418000-6f41b000 ---p 00000000 00:00 0 
6f41b000-6f468000 rw-p 00000000 00:00 0 
6f468000-6f46b000 ---p 00000000 00:00 0 
6f46b000-6f4b8000 rw-p 00000000 00:00 0 
6f4b8000-6f4c7000 r-xp 00000000 b3:02 134988     /usr/lib/jvm/java-8-openjdk-armhf/jre/lib/arm/libnio.so
6f4c7000-6f4d6000 ---p 0000f000 b3:02 134988     /usr/lib/jvm/java-8-openjdk-armhf/jre/lib/arm/libnio.so
6f4d6000-6f4d7000 r--p 0000e000 b3:02 134988     /usr/lib/jvm/java-8-openjdk-armhf/jre/lib/arm/libnio.so
6f4d7000-6f4d8000 rw-p 0000f000 b3:02 134988     /usr/lib/jvm/java-8-openjdk-armhf/jre/lib/arm/libnio.so
6f4d8000-710d9000 rw-p 00000000 00:00 0 
710d9000-710ee000 r-xp 00000000 b3:02 134987     /usr/lib/jvm/java-8-openjdk-armhf/jre/lib/arm/libnet.so
710ee000-710fd000 ---p 00015000 b3:02 134987     /usr/lib/jvm/java-8-openjdk-armhf/jre/lib/arm/libnet.so
710fd000-710fe000 r--p 00014000 b3:02 134987     /usr/lib/jvm/java-8-openjdk-armhf/jre/lib/arm/libnet.so
710fe000-710ff000 rw-p 00015000 b3:02 134987     /usr/lib/jvm/java-8-openjdk-armhf/jre/lib/arm/libnet.so
710ff000-711ff000 rw-p 00000000 00:00 0 
711ff000-712ff000 rw-p 00000000 00:00 0 
712ff000-71307000 r-xp 00000000 b3:02 134985     /usr/lib/jvm/java-8-openjdk-armhf/jre/lib/arm/libmanagement.so
71307000-71316000 ---p 00008000 b3:02 134985     /usr/lib/jvm/java-8-openjdk-armhf/jre/lib/arm/libmanagement.so
71316000-71317000 r--p 00007000 b3:02 134985     /usr/lib/jvm/java-8-openjdk-armhf/jre/lib/arm/libmanagement.so
71317000-71318000 rw-p 00008000 b3:02 134985     /usr/lib/jvm/java-8-openjdk-armhf/jre/lib/arm/libmanagement.so
71318000-71500000 r--s 0202b000 b3:02 137671     /home/pi/mc-server/spigot-1.16.2.jar
71500000-715fe000 rw-p 00000000 00:00 0 
715fe000-71600000 ---p 00000000 00:00 0 
71600000-716fd000 rw-p 00000000 00:00 0 
716fd000-71700000 ---p 00000000 00:00 0 
71700000-717a2000 rw-p 00000000 00:00 0 
717a2000-71800000 ---p 00000000 00:00 0 
71800000-71801000 r--s 00005000 b3:02 137788     /home/pi/mc-server/plugins/SimpleSpawn-Jail.jar
71801000-71804000 ---p 00000000 00:00 0 
71804000-71818000 rw-p 00000000 00:00 0 
71818000-7181b000 ---p 00000000 00:00 0 
7181b000-7182f000 rw-p 00000000 00:00 0 
7182f000-71830000 ---p 00000000 00:00 0 
71830000-718b0000 rw-p 00000000 00:00 0 
718b0000-718b3000 ---p 00000000 00:00 0 
718b3000-71900000 rw-p 00000000 00:00 0 
71900000-719fc000 rw-p 00000000 00:00 0 
719fc000-71a00000 ---p 00000000 00:00 0 
71a00000-71a01000 r--s 00003000 b3:02 137789     /home/pi/mc-server/plugins/SimpleSpawn-TpTo.jar
71a01000-71a03000 r--s 00000000 b3:02 137715     /home/pi/mc-server/plugins/Timber+1.0.9.jar
71a03000-71a05000 r--s 00008000 b3:02 128112     /home/pi/mc-server/plugins/DeadChest-4.1.1.jar
71a05000-71a06000 ---p 00000000 00:00 0 
71a06000-71a09000 ---p 00000000 00:00 0 
71a09000-71a86000 rw-p 00000000 00:00 0 
71a86000-71d00000 r--p 0006b000 b3:02 17061      /usr/lib/locale/locale-archive
71d00000-71f00000 r--p 00000000 b3:02 17061      /usr/lib/locale/locale-archive
71f00000-71fed000 rw-p 00000000 00:00 0 
71fed000-72000000 ---p 00000000 00:00 0 
72000000-72100000 rw-p 00000000 00:00 0 
72100000-72200000 rw-p 00000000 00:00 0 
72200000-72206000 r--s 00049000 b3:02 137809     /home/pi/mc-server/plugins/Jecon-2.2.0.jar
72206000-72208000 r--s 00000000 b3:02 137715     /home/pi/mc-server/plugins/Timber+1.0.9.jar
72208000-7220e000 r--s 00049000 b3:02 137809     /home/pi/mc-server/plugins/Jecon-2.2.0.jar
7220e000-72210000 r--s 00016000 b3:02 135026     /usr/lib/jvm/java-8-openjdk-armhf/jre/lib/jce.jar
72210000-72213000 ---p 00000000 00:00 0 
72213000-72260000 rw-p 00000000 00:00 0 
72260000-72263000 ---p 00000000 00:00 0 
72263000-722b0000 rw-p 00000000 00:00 0 
722b0000-722b3000 ---p 00000000 00:00 0 
722b3000-72300000 rw-p 00000000 00:00 0 
72300000-723f8000 rw-p 00000000 00:00 0 
723f8000-72400000 ---p 00000000 00:00 0 
72400000-72401000 r--s 00003000 b3:02 137789     /home/pi/mc-server/plugins/SimpleSpawn-TpTo.jar
72401000-72402000 r--p 00000000 b3:02 27518      /usr/share/locale/en_GB/LC_MESSAGES/libc.mo
72402000-72406000 r--s 000a1000 b3:02 135028     /usr/lib/jvm/java-8-openjdk-armhf/jre/lib/jsse.jar
72406000-72408000 r--s 00001000 b3:02 135006     /usr/lib/jvm/java-8-openjdk-armhf/jre/lib/ext/dnsns.jar
72408000-7240d000 r--s 0003c000 b3:02 135012     /usr/lib/jvm/java-8-openjdk-armhf/jre/lib/ext/sunjce_provider.jar
7240d000-7240e000 ---p 00000000 00:00 0 
7240e000-7248e000 rw-p 00000000 00:00 0 
7248e000-7265d000 r--s 03c3b000 b3:02 135034     /usr/lib/jvm/java-8-openjdk-armhf/jre/lib/rt.jar
7265d000-72aa3000 rw-p 00000000 00:00 0 
72aa3000-72aa9000 ---p 00000000 00:00 0 
72aa9000-72b7c000 rw-p 00000000 00:00 0 
72b7c000-72bff000 ---p 00000000 00:00 0 
72bff000-72c69000 rw-p 00000000 00:00 0 
72c69000-72ca9000 ---p 00000000 00:00 0 
72ca9000-72d7d000 rw-p 00000000 00:00 0 
72d7d000-72dff000 ---p 00000000 00:00 0 
72dff000-800b0000 rw-p 00000000 00:00 0 
800b0000-88350000 ---p 00000000 00:00 0 
88350000-a2885000 rw-p 00000000 00:00 0 
a2885000-b2e00000 ---p 00000000 00:00 0 
b2e00000-b2e1b000 r--s 001d6000 b3:02 135010     /usr/lib/jvm/java-8-openjdk-armhf/jre/lib/ext/nashorn.jar
b2e1b000-b2e36000 r--s 00394000 b3:02 135005     /usr/lib/jvm/java-8-openjdk-armhf/jre/lib/ext/cldrdata.jar
b2e36000-b2eff000 rw-p 00000000 00:00 0 
b2eff000-b2f5f000 ---p 00000000 00:00 0 
b2f5f000-b3757000 rwxp 00000000 00:00 0 
b3757000-b4f5f000 ---p 00000000 00:00 0 
b4f5f000-b4f66000 r-xp 00000000 b3:02 134994     /usr/lib/jvm/java-8-openjdk-armhf/jre/lib/arm/libzip.so
b4f66000-b4f75000 ---p 00007000 b3:02 134994     /usr/lib/jvm/java-8-openjdk-armhf/jre/lib/arm/libzip.so
b4f75000-b4f76000 r--p 00006000 b3:02 134994     /usr/lib/jvm/java-8-openjdk-armhf/jre/lib/arm/libzip.so
b4f76000-b4f77000 rw-p 00007000 b3:02 134994     /usr/lib/jvm/java-8-openjdk-armhf/jre/lib/arm/libzip.so
b4f77000-b4f80000 r-xp 00000000 b3:02 1671       /lib/arm-linux-gnueabihf/libnss_files-2.28.so
b4f80000-b4f90000 ---p 00009000 b3:02 1671       /lib/arm-linux-gnueabihf/libnss_files-2.28.so
b4f90000-b4f91000 r--p 00009000 b3:02 1671       /lib/arm-linux-gnueabihf/libnss_files-2.28.so
b4f91000-b4f92000 rw-p 0000a000 b3:02 1671       /lib/arm-linux-gnueabihf/libnss_files-2.28.so
b4f92000-b4f98000 rw-p 00000000 00:00 0 
b4f98000-b4fbc000 r-xp 00000000 b3:02 134976     /usr/lib/jvm/java-8-openjdk-armhf/jre/lib/arm/libjava.so
b4fbc000-b4fcb000 ---p 00024000 b3:02 134976     /usr/lib/jvm/java-8-openjdk-armhf/jre/lib/arm/libjava.so
b4fcb000-b4fcc000 r--p 00023000 b3:02 134976     /usr/lib/jvm/java-8-openjdk-armhf/jre/lib/arm/libjava.so
b4fcc000-b4fcd000 rw-p 00024000 b3:02 134976     /usr/lib/jvm/java-8-openjdk-armhf/jre/lib/arm/libjava.so
b4fcd000-b4fd8000 r-xp 00000000 b3:02 134993     /usr/lib/jvm/java-8-openjdk-armhf/jre/lib/arm/libverify.so
b4fd8000-b4fe7000 ---p 0000b000 b3:02 134993     /usr/lib/jvm/java-8-openjdk-armhf/jre/lib/arm/libverify.so
b4fe7000-b4fe8000 r--p 0000a000 b3:02 134993     /usr/lib/jvm/java-8-openjdk-armhf/jre/lib/arm/libverify.so
b4fe8000-b4fe9000 rw-p 0000b000 b3:02 134993     /usr/lib/jvm/java-8-openjdk-armhf/jre/lib/arm/libverify.so
b4fe9000-b4fef000 r-xp 00000000 b3:02 1694       /lib/arm-linux-gnueabihf/librt-2.28.so
b4fef000-b4ffe000 ---p 00006000 b3:02 1694       /lib/arm-linux-gnueabihf/librt-2.28.so
b4ffe000-b4fff000 r--p 00005000 b3:02 1694       /lib/arm-linux-gnueabihf/librt-2.28.so
b4fff000-b5000000 rw-p 00006000 b3:02 1694       /lib/arm-linux-gnueabihf/librt-2.28.so
b5000000-b50fb000 rw-p 00000000 00:00 0 
b50fb000-b5100000 ---p 00000000 00:00 0 
b5100000-b510a000 r--s 00116000 b3:02 135009     /usr/lib/jvm/java-8-openjdk-armhf/jre/lib/ext/localedata.jar
b510a000-b510d000 r--s 0000f000 b3:02 135007     /usr/lib/jvm/java-8-openjdk-armhf/jre/lib/ext/icedtea-sound.jar
b510d000-b510f000 r--s 00007000 b3:02 3558       /usr/share/java/java-atk-wrapper.jar
b510f000-b5112000 r--s 00039000 b3:02 135013     /usr/lib/jvm/java-8-openjdk-armhf/jre/lib/ext/sunpkcs11.jar
b5112000-b5113000 r--s 0000a000 b3:02 135008     /usr/lib/jvm/java-8-openjdk-armhf/jre/lib/ext/jaccess.jar
b5113000-b5114000 ---p 00000000 00:00 0 
b5114000-b5117000 ---p 00000000 00:00 0 
b5117000-b5164000 rw-p 00000000 00:00 0 
b5164000-b5180000 r-xp 00000000 b3:02 1648       /lib/arm-linux-gnueabihf/libgcc_s.so.1
b5180000-b518f000 ---p 0001c000 b3:02 1648       /lib/arm-linux-gnueabihf/libgcc_s.so.1
b518f000-b5190000 r--p 0001b000 b3:02 1648       /lib/arm-linux-gnueabihf/libgcc_s.so.1
b5190000-b5191000 rw-p 0001c000 b3:02 1648       /lib/arm-linux-gnueabihf/libgcc_s.so.1
b5191000-b5202000 r-xp 00000000 b3:02 1658       /lib/arm-linux-gnueabihf/libm-2.28.so
b5202000-b5211000 ---p 00071000 b3:02 1658       /lib/arm-linux-gnueabihf/libm-2.28.so
b5211000-b5212000 r--p 00070000 b3:02 1658       /lib/arm-linux-gnueabihf/libm-2.28.so
b5212000-b5213000 rw-p 00071000 b3:02 1658       /lib/arm-linux-gnueabihf/libm-2.28.so
b5213000-b5341000 r-xp 00000000 b3:02 14819      /usr/lib/arm-linux-gnueabihf/libstdc++.so.6.0.25
b5341000-b5351000 ---p 0012e000 b3:02 14819      /usr/lib/arm-linux-gnueabihf/libstdc++.so.6.0.25
b5351000-b5356000 r--p 0012e000 b3:02 14819      /usr/lib/arm-linux-gnueabihf/libstdc++.so.6.0.25
b5356000-b5358000 rw-p 00133000 b3:02 14819      /usr/lib/arm-linux-gnueabihf/libstdc++.so.6.0.25
b5358000-b535a000 rw-p 00000000 00:00 0 
b535a000-b5948000 r-xp 00000000 b3:02 134960     /usr/lib/jvm/java-8-openjdk-armhf/jre/lib/arm/client/libjvm.so
b5948000-b5958000 ---p 005ee000 b3:02 134960     /usr/lib/jvm/java-8-openjdk-armhf/jre/lib/arm/client/libjvm.so
b5958000-b5968000 r--p 005ee000 b3:02 134960     /usr/lib/jvm/java-8-openjdk-armhf/jre/lib/arm/client/libjvm.so
b5968000-b5980000 rw-p 005fe000 b3:02 134960     /usr/lib/jvm/java-8-openjdk-armhf/jre/lib/arm/client/libjvm.so
b5980000-b6d9b000 rw-p 00000000 00:00 0 
b6d9b000-b6ed3000 r-xp 00000000 b3:02 1633       /lib/arm-linux-gnueabihf/libc-2.28.so
b6ed3000-b6ee3000 ---p 00138000 b3:02 1633       /lib/arm-linux-gnueabihf/libc-2.28.so
b6ee3000-b6ee5000 r--p 00138000 b3:02 1633       /lib/arm-linux-gnueabihf/libc-2.28.so
b6ee5000-b6ee6000 rw-p 0013a000 b3:02 1633       /lib/arm-linux-gnueabihf/libc-2.28.so
b6ee6000-b6ee9000 rw-p 00000000 00:00 0 
b6ee9000-b6eeb000 r-xp 00000000 b3:02 1641       /lib/arm-linux-gnueabihf/libdl-2.28.so
b6eeb000-b6efa000 ---p 00002000 b3:02 1641       /lib/arm-linux-gnueabihf/libdl-2.28.so
b6efa000-b6efb000 r--p 00001000 b3:02 1641       /lib/arm-linux-gnueabihf/libdl-2.28.so
b6efb000-b6efc000 rw-p 00002000 b3:02 1641       /lib/arm-linux-gnueabihf/libdl-2.28.so
b6efc000-b6f0a000 r-xp 00000000 b3:02 134962     /usr/lib/jvm/java-8-openjdk-armhf/jre/lib/arm/jli/libjli.so
b6f0a000-b6f19000 ---p 0000e000 b3:02 134962     /usr/lib/jvm/java-8-openjdk-armhf/jre/lib/arm/jli/libjli.so
b6f19000-b6f1a000 r--p 0000d000 b3:02 134962     /usr/lib/jvm/java-8-openjdk-armhf/jre/lib/arm/jli/libjli.so
b6f1a000-b6f1b000 rw-p 0000e000 b3:02 134962     /usr/lib/jvm/java-8-openjdk-armhf/jre/lib/arm/jli/libjli.so
b6f1b000-b6f35000 r-xp 00000000 b3:02 1713       /lib/arm-linux-gnueabihf/libz.so.1.2.11
b6f35000-b6f44000 ---p 0001a000 b3:02 1713       /lib/arm-linux-gnueabihf/libz.so.1.2.11
b6f44000-b6f45000 r--p 00019000 b3:02 1713       /lib/arm-linux-gnueabihf/libz.so.1.2.11
b6f45000-b6f46000 rw-p 0001a000 b3:02 1713       /lib/arm-linux-gnueabihf/libz.so.1.2.11
b6f46000-b6f5d000 r-xp 00000000 b3:02 1690       /lib/arm-linux-gnueabihf/libpthread-2.28.so
b6f5d000-b6f6c000 ---p 00017000 b3:02 1690       /lib/arm-linux-gnueabihf/libpthread-2.28.so
b6f6c000-b6f6d000 r--p 00016000 b3:02 1690       /lib/arm-linux-gnueabihf/libpthread-2.28.so
b6f6d000-b6f6e000 rw-p 00017000 b3:02 1690       /lib/arm-linux-gnueabihf/libpthread-2.28.so
b6f6e000-b6f70000 rw-p 00000000 00:00 0 
b6f70000-b6f77000 r-xp 00000000 b3:02 14676      /usr/lib/arm-linux-gnueabihf/libatomic.so.1.2.0
b6f77000-b6f86000 ---p 00007000 b3:02 14676      /usr/lib/arm-linux-gnueabihf/libatomic.so.1.2.0
b6f86000-b6f87000 r--p 00006000 b3:02 14676      /usr/lib/arm-linux-gnueabihf/libatomic.so.1.2.0
b6f87000-b6f88000 rw-p 00007000 b3:02 14676      /usr/lib/arm-linux-gnueabihf/libatomic.so.1.2.0
b6f88000-b6f89000 rw-p 00000000 00:00 0 
b6f89000-b6f8d000 r-xp 00000000 b3:02 14672      /usr/lib/arm-linux-gnueabihf/libarmmem-v7l.so
b6f8d000-b6f9c000 ---p 00004000 b3:02 14672      /usr/lib/arm-linux-gnueabihf/libarmmem-v7l.so
b6f9c000-b6f9d000 r--p 00003000 b3:02 14672      /usr/lib/arm-linux-gnueabihf/libarmmem-v7l.so
b6f9d000-b6f9e000 rw-p 00004000 b3:02 14672      /usr/lib/arm-linux-gnueabihf/libarmmem-v7l.so
b6f9e000-b6fbe000 r-xp 00000000 b3:02 1556       /lib/arm-linux-gnueabihf/ld-2.28.so
b6fbe000-b6fc0000 r--s 00008000 b3:02 135011     /usr/lib/jvm/java-8-openjdk-armhf/jre/lib/ext/sunec.jar
b6fc0000-b6fc2000 rw-p 00000000 00:00 0 
b6fc2000-b6fc3000 r--s 00010000 b3:02 135014     /usr/lib/jvm/java-8-openjdk-armhf/jre/lib/ext/zipfs.jar
b6fc3000-b6fcb000 rw-s 00000000 b3:02 139337     /tmp/hsperfdata_root/612
b6fcb000-b6fcc000 r--p 00000000 00:00 0 
b6fcc000-b6fce000 rw-p 00000000 00:00 0 
b6fce000-b6fcf000 r--p 00020000 b3:02 1556       /lib/arm-linux-gnueabihf/ld-2.28.so
b6fcf000-b6fd0000 rw-p 00021000 b3:02 1556       /lib/arm-linux-gnueabihf/ld-2.28.so
beb77000-beb98000 rw-p 00000000 00:00 0          [stack]
beec3000-beec4000 r-xp 00000000 00:00 0          [sigpage]
beec4000-beec5000 r--p 00000000 00:00 0          [vvar]
beec5000-beec6000 r-xp 00000000 00:00 0          [vdso]
ffff0000-ffff1000 r-xp 00000000 00:00 0          [vectors]

VM Arguments:
jvm_args: -Xms512M -Xmx1024M 
java_command: spigot-1.16.2.jar nogui
java_class_path (initial): spigot-1.16.2.jar
Launcher Type: SUN_STANDARD

Environment Variables:
PATH=/usr/local/sbin:/usr/local/bin:/usr/sbin:/usr/bin:/sbin:/bin
SHELL=/bin/bash

Signal Handlers:
SIGSEGV: [libjvm.so+0x57b11c], sa_mask[0]=11111111011111111101111111111110, sa_flags=SA_RESTART|SA_SIGINFO
SIGBUS: [libjvm.so+0x57b11c], sa_mask[0]=11111111011111111101111111111110, sa_flags=SA_RESTART|SA_SIGINFO
SIGFPE: [libjvm.so+0x453b70], sa_mask[0]=11111111011111111101111111111110, sa_flags=SA_RESTART|SA_SIGINFO
SIGPIPE: [libjvm.so+0x453b70], sa_mask[0]=11111111011111111101111111111110, sa_flags=SA_RESTART|SA_SIGINFO
SIGXFSZ: [libjvm.so+0x453b70], sa_mask[0]=11111111011111111101111111111110, sa_flags=SA_RESTART|SA_SIGINFO
SIGILL: [libjvm.so+0x453b70], sa_mask[0]=11111111011111111101111111111110, sa_flags=SA_RESTART|SA_SIGINFO
SIGUSR1: SIG_DFL, sa_mask[0]=00000000000000000000000000000000, sa_flags=none
SIGUSR2: [libjvm.so+0x45398c], sa_mask[0]=00000000000000000000000000000000, sa_flags=SA_RESTART|SA_SIGINFO
SIGHUP: [libjvm.so+0x453ad8], sa_mask[0]=11111111011111111101111111111110, sa_flags=SA_RESTART|SA_SIGINFO
SIGINT: [libjvm.so+0x453ad8], sa_mask[0]=11111111011111111101111111111110, sa_flags=SA_RESTART|SA_SIGINFO
SIGTERM: [libjvm.so+0x453ad8], sa_mask[0]=11111111011111111101111111111110, sa_flags=SA_RESTART|SA_SIGINFO
SIGQUIT: [libjvm.so+0x453ad8], sa_mask[0]=11111111011111111101111111111110, sa_flags=SA_RESTART|SA_SIGINFO


---------------  S Y S T E M  ---------------

OS:PRETTY_NAME="Raspbian GNU/Linux 10 (buster)"
NAME="Raspbian GNU/Linux"
VERSION_ID="10"
VERSION="10 (buster)"
VERSION_CODENAME=buster
ID=raspbian
ID_LIKE=debian
HOME_URL="http://www.raspbian.org/"
SUPPORT_URL="http://www.raspbian.org/RaspbianForums"
BUG_REPORT_URL="http://www.raspbian.org/RaspbianBugs"

uname:Linux 5.4.51-v7l+ #1333 SMP Mon Aug 10 16:51:40 BST 2020 armv7l
libc:glibc 2.28 NPTL 2.28 
rlimit: STACK 8192k, CORE 0k, NPROC 28654, NOFILE 1048576, AS infinity
load average:0.70 0.70 0.76

/proc/meminfo:
MemTotal:        3931956 kB
MemFree:         3037724 kB
MemAvailable:    3085424 kB
Buffers:           20948 kB
Cached:           149960 kB
SwapCached:            0 kB
Active:           750360 kB
Inactive:          95988 kB
Active(anon):     675528 kB
Inactive(anon):     8372 kB
Active(file):      74832 kB
Inactive(file):    87616 kB
Unevictable:          16 kB
Mlocked:              16 kB
HighTotal:       3276800 kB
HighFree:        2441596 kB
LowTotal:         655156 kB
LowFree:          596128 kB
SwapTotal:        102396 kB
SwapFree:         102396 kB
Dirty:                20 kB
Writeback:             0 kB
AnonPages:        675332 kB
Mapped:            33744 kB
Shmem:              8604 kB
KReclaimable:      11424 kB
Slab:              24472 kB
SReclaimable:      11424 kB
SUnreclaim:        13048 kB
KernelStack:        1200 kB
PageTables:         2504 kB
NFS_Unstable:          0 kB
Bounce:                0 kB
WritebackTmp:          0 kB
CommitLimit:     2068372 kB
Committed_AS:     962552 kB
VmallocTotal:     245760 kB
VmallocUsed:        4660 kB
VmallocChunk:          0 kB
Percpu:              464 kB
CmaTotal:         262144 kB
CmaFree:          256032 kB


CPU:total 4 (initial active 4) 0x41:0x0:0xd08:3

/proc/cpuinfo:
processor	: 0
model name	: ARMv7 Processor rev 3 (v7l)
BogoMIPS	: 270.00
Features	: half thumb fastmult vfp edsp neon vfpv3 tls vfpv4 idiva idivt vfpd32 lpae evtstrm crc32 
CPU implementer	: 0x41
CPU architecture: 7
CPU variant	: 0x0
CPU part	: 0xd08
CPU revision	: 3

processor	: 1
model name	: ARMv7 Processor rev 3 (v7l)
BogoMIPS	: 270.00
Features	: half thumb fastmult vfp edsp neon vfpv3 tls vfpv4 idiva idivt vfpd32 lpae evtstrm crc32 
CPU implementer	: 0x41
CPU architecture: 7
CPU variant	: 0x0
CPU part	: 0xd08
CPU revision	: 3

processor	: 2
model name	: ARMv7 Processor rev 3 (v7l)
BogoMIPS	: 270.00
Features	: half thumb fastmult vfp edsp neon vfpv3 tls vfpv4 idiva idivt vfpd32 lpae evtstrm crc32 
CPU implementer	: 0x41
CPU architecture: 7
CPU variant	: 0x0
CPU part	: 0xd08
CPU revision	: 3

processor	: 3
model name	: ARMv7 Processor rev 3 (v7l)
BogoMIPS	: 270.00
Features	: half thumb fastmult vfp edsp neon vfpv3 tls vfpv4 idiva idivt vfpd32 lpae evtstrm crc32 
CPU implementer	: 0x41
CPU architecture: 7
CPU variant	: 0x0
CPU part	: 0xd08
CPU revision	: 3

Hardware	: BCM2711
Revision	: c03112
Serial		: 100000001dd7a9ce
Model		: Raspberry Pi 4 Model B Rev 1.2


Memory: 4k page, physical 3931956k(3037724k free), swap 102396k(102396k free)

vm_info: OpenJDK Client VM (25.212-b01) for linux-aarch32 JRE (1.8.0_212-8u212-b01-1+rpi1-b01), built on Mar 29 2019 13:54:02 by "root" with gcc 8.3.0

time: Sun Oct 11 05:47:03 2020
timezone: BST
elapsed time: 1585 seconds (0d 0h 26m 25s)

