Loading libraries, please wait...
[12:44:08] [main/INFO]: Environment: authHost='https://authserver.mojang.com', accountsHost='https://api.mojang.com', sessionHost='https://sessionserver.mojang.com', name='PROD'
[12:44:10] [main/INFO]: Reloading ResourceManager: Default, bukkit
[12:44:13] [Worker-Main-5/INFO]: Loaded 7 recipes
[12:44:08] [main/INFO]: Environment: authHost='https://authserver.mojang.com', accountsHost='https://api.mojang.com', sessionHost='https://sessionserver.mojang.com', name='PROD'
[12:44:10] [main/INFO]: Reloading ResourceManager: Default, bukkit
[12:44:13] [Worker-Main-5/INFO]: Loaded 7 recipes
[12:44:19] [Server thread/INFO]: Starting minecraft server version 1.16.2
[12:44:19] [Server thread/INFO]: Loading properties
[12:44:19] [Server console handler/ERROR]: Exception handling console input
java.io.IOException: Bad file descriptor
	at java.io.FileInputStream.readBytes(Native Method) ~[?:1.8.0_212]
	at java.io.FileInputStream.read(FileInputStream.java:255) ~[?:1.8.0_212]
	at java.io.BufferedInputStream.fill(BufferedInputStream.java:246) ~[?:1.8.0_212]
	at java.io.BufferedInputStream.read(BufferedInputStream.java:265) ~[?:1.8.0_212]
	at org.bukkit.craftbukkit.libs.jline.internal.NonBlockingInputStream.read(NonBlockingInputStream.java:248) ~[spigot-1.16.2.jar:git-Spigot-b5a13e6-0d8350a]
	at org.bukkit.craftbukkit.libs.jline.internal.InputStreamReader.read(InputStreamReader.java:261) ~[spigot-1.16.2.jar:git-Spigot-b5a13e6-0d8350a]
	at org.bukkit.craftbukkit.libs.jline.internal.InputStreamReader.read(InputStreamReader.java:198) ~[spigot-1.16.2.jar:git-Spigot-b5a13e6-0d8350a]
	at org.bukkit.craftbukkit.libs.jline.console.ConsoleReader.readCharacter(ConsoleReader.java:2145) ~[spigot-1.16.2.jar:git-Spigot-b5a13e6-0d8350a]
	at org.bukkit.craftbukkit.libs.jline.console.ConsoleReader.readLineSimple(ConsoleReader.java:3183) ~[spigot-1.16.2.jar:git-Spigot-b5a13e6-0d8350a]
	at org.bukkit.craftbukkit.libs.jline.console.ConsoleReader.readLine(ConsoleReader.java:2333) ~[spigot-1.16.2.jar:git-Spigot-b5a13e6-0d8350a]
	at org.bukkit.craftbukkit.libs.jline.console.ConsoleReader.readLine(ConsoleReader.java:2269) ~[spigot-1.16.2.jar:git-Spigot-b5a13e6-0d8350a]
	at org.bukkit.craftbukkit.libs.jline.console.ConsoleReader.readLine(ConsoleReader.java:2257) ~[spigot-1.16.2.jar:git-Spigot-b5a13e6-0d8350a]
	at net.minecraft.server.v1_16_R2.DedicatedServer$1.run(DedicatedServer.java:83) [spigot-1.16.2.jar:git-Spigot-b5a13e6-0d8350a]
[12:44:20] [Server thread/INFO]: This server is running CraftBukkit version git-Spigot-b5a13e6-0d8350a (MC: 1.16.2) (Implementing API version 1.16.2-R0.1-SNAPSHOT)
[12:44:20] [Server thread/INFO]: Server Ping Player Sample Count: 12
[12:44:20] [Server thread/INFO]: Using 4 threads for Netty based IO
[12:44:20] [Server thread/INFO]: Debug logging is disabled
[12:44:20] [Server thread/INFO]: Default game type: SURVIVAL
[12:44:20] [Server thread/INFO]: Generating keypair
[12:44:22] [Server thread/INFO]: Starting Minecraft server on *:25565
[12:44:22] [Server thread/INFO]: Using default channel type
[12:44:25] [Server thread/INFO]: [Jecon] Loading Jecon v2.2.0
[12:44:25] [Server thread/INFO]: [Timber] Loading Timber v1.0.9
[12:44:25] [Server thread/INFO]: [WebConsole] Loading WebConsole v2.0
[12:44:25] [Server thread/INFO]: [DeadChest] Loading DeadChest v4.1.1
[12:44:25] [Server thread/INFO]: [DeadChest] Worldguard not detected : Support is disabled
[12:44:25] [Server thread/INFO]: [Vault] Loading Vault v1.7.3-b131
[12:44:25] [Server thread/INFO]: [AutoTool] Loading AutoTool v1.1.2
[12:44:25] [Server thread/INFO]: [SimpleSpawn-Core] Loading SimpleSpawn-Core v1.0.2
[12:44:25] [Server thread/INFO]: [SimpleSpawn-TpTo] Loading SimpleSpawn-TpTo v1.0.2-1.0.0
[12:44:25] [Server thread/INFO]: [ELP] Loading EconomicLandProtection v1.0.1
[12:44:25] [Server thread/INFO]: [SimpleSpawn-Jail] Loading SimpleSpawn-Jail v1.0.2-1.0.2
[12:44:25] [Server thread/INFO]: [SimpleSpawn-Home] Loading SimpleSpawn-Home v1.0.2-1.0.2
[12:44:25] [Server thread/INFO]: [frConomy] Loading frConomy v1.13c
[12:44:25] [Server thread/INFO]: [ChestShop] Loading ChestShop v3.11 (build 213)
[12:44:25] [Server thread/INFO]: [SimpleSpawn-Warp] Loading SimpleSpawn-Warp v1.0.2-1.0.2
[12:44:25] [Server thread/INFO]: [SimpleSpawn-Work] Loading SimpleSpawn-Work v1.0.2-1.0.2
[12:44:25] [Server thread/INFO]: [Jobs] Loading Jobs v4.16.2
[12:44:25] [Server thread/INFO]: [SimpleSpawn-Back] Loading SimpleSpawn-Back v1.0.2-1.0.2
[12:44:25] [Server thread/INFO]: [Jecon] Enabling Jecon v2.2.0
[12:44:25] [Server thread/INFO]: [Jecon] Use SQLite
[12:44:26] [Server thread/INFO]: jecon-hikari - Starting...
[12:44:26] [Server thread/INFO]: jecon-hikari - Start completed.
[12:44:26] [Server thread/INFO]: [Vault] Enabling Vault v1.7.3-b131
[12:44:26] [Server thread/INFO]: [Vault] [Permission] SuperPermissions loaded as backup permission system.
[12:44:26] [Server thread/INFO]: [Vault] Enabled Version 1.7.3-b131
[12:44:26] [Server thread/WARN]: [Jecon] Loaded class net.milkbowl.vault.economy.Economy from Vault v1.7.3-b131 which is not a depend, softdepend or loadbefore of this plugin.
[12:44:26] [Server thread/INFO]: [Jecon] Hooked Vault
[12:44:26] [Server thread/INFO]: [frConomy] Enabling frConomy v1.13c
[12:44:26] [Server thread/INFO]: =-=-=-=-=-=-=-=-=-=-=-=-=-=-=-=-=-=-=-=-=
[12:44:26] [Server thread/INFO]: frConomy plugin is loading... 
[12:44:26] [Server thread/INFO]:  - Loading config...
[12:44:26] [Server thread/INFO]:  - Loading database...
[12:44:26] [Server thread/INFO]:  - Hooking into Vault...
[12:44:26] [Server thread/INFO]:  - Loading events...
[12:44:26] [Server thread/INFO]:  - Loading commands...
[12:44:26] [Server thread/INFO]: frConomy has been loaded!
[12:44:26] [Server thread/INFO]: =-=-=-=-=-=-=-=-=-=-=-=-=-=-=-=-=-=-=-=-=
[12:44:26] [Server thread/WARN]: **** SERVER IS RUNNING IN OFFLINE/INSECURE MODE!
[12:44:26] [Server thread/WARN]: The server will make no attempt to authenticate usernames. Beware.
[12:44:26] [Server thread/WARN]: While this makes the game possible to play without internet access, it also opens up the ability for hackers to connect with any username they choose.
[12:44:26] [Server thread/WARN]: To change this, set "online-mode" to "true" in the server.properties file.
[12:44:26] [Server thread/INFO]: Preparing level "world"
[12:44:26] [Server thread/INFO]: -------- World Settings For [world] --------
[12:44:26] [Server thread/INFO]: Experience Merge Radius: 3.0
[12:44:26] [Server thread/INFO]: Mob Spawn Range: 6
[12:44:26] [Server thread/INFO]: Cactus Growth Modifier: 100%
[12:44:26] [Server thread/INFO]: Cane Growth Modifier: 100%
[12:44:26] [Server thread/INFO]: Melon Growth Modifier: 100%
[12:44:26] [Server thread/INFO]: Mushroom Growth Modifier: 100%
[12:44:26] [Server thread/INFO]: Pumpkin Growth Modifier: 100%
[12:44:26] [Server thread/INFO]: Sapling Growth Modifier: 100%
[12:44:26] [Server thread/INFO]: Beetroot Growth Modifier: 100%
[12:44:26] [Server thread/INFO]: Carrot Growth Modifier: 100%
[12:44:26] [Server thread/INFO]: Potato Growth Modifier: 100%
[12:44:26] [Server thread/INFO]: Wheat Growth Modifier: 100%
[12:44:26] [Server thread/INFO]: NetherWart Growth Modifier: 100%
[12:44:26] [Server thread/INFO]: Vine Growth Modifier: 100%
[12:44:26] [Server thread/INFO]: Cocoa Growth Modifier: 100%
[12:44:26] [Server thread/INFO]: Bamboo Growth Modifier: 100%
[12:44:26] [Server thread/INFO]: SweetBerry Growth Modifier: 100%
[12:44:26] [Server thread/INFO]: Kelp Growth Modifier: 100%
[12:44:26] [Server thread/INFO]: Entity Activation Range: An 32 / Mo 32 / Ra 48 / Mi 16 / Tiv true
[12:44:26] [Server thread/INFO]: Hopper Transfer: 8 Hopper Check: 1 Hopper Amount: 1
[12:44:26] [Server thread/INFO]: Custom Map Seeds:  Village: 10387312 Desert: 14357617 Igloo: 14357618 Jungle: 14357619 Swamp: 14357620 Monument: 10387313 Ocean: 14357621 Shipwreck: 165745295 End City: 10387313 Slime: 987234911 Bastion: 30084232 Fortress: 30084232 Mansion: 10387319 Fossil: 14357921 Portal: 34222645
[12:44:26] [Server thread/INFO]: Max TNT Explosions: 100
[12:44:26] [Server thread/INFO]: Tile Max Tick Time: 50ms Entity max Tick Time: 50ms
[12:44:26] [Server thread/INFO]: Arrow Despawn Rate: 1200 Trident Respawn Rate:1200
[12:44:26] [Server thread/INFO]: Zombie Aggressive Towards Villager: true
[12:44:26] [Server thread/INFO]: Nerfing mobs spawned from spawners: false
[12:44:26] [Server thread/INFO]: Item Despawn Rate: 6000
[12:44:26] [Server thread/INFO]: Item Merge Radius: 2.5
[12:44:26] [Server thread/INFO]: Entity Tracking Range: Pl 48 / An 48 / Mo 48 / Mi 32 / Other 64
[12:44:26] [Server thread/INFO]: Allow Zombie Pigmen to spawn from portal blocks: true
[12:44:26] [Server thread/INFO]: View Distance: 5
[12:44:27] [Server thread/INFO]: -------- World Settings For [world_nether] --------
[12:44:27] [Server thread/INFO]: Experience Merge Radius: 3.0
[12:44:27] [Server thread/INFO]: Mob Spawn Range: 6
[12:44:27] [Server thread/INFO]: Cactus Growth Modifier: 100%
[12:44:27] [Server thread/INFO]: Cane Growth Modifier: 100%
[12:44:27] [Server thread/INFO]: Melon Growth Modifier: 100%
[12:44:27] [Server thread/INFO]: Mushroom Growth Modifier: 100%
[12:44:27] [Server thread/INFO]: Pumpkin Growth Modifier: 100%
[12:44:27] [Server thread/INFO]: Sapling Growth Modifier: 100%
[12:44:27] [Server thread/INFO]: Beetroot Growth Modifier: 100%
[12:44:27] [Server thread/INFO]: Carrot Growth Modifier: 100%
[12:44:27] [Server thread/INFO]: Potato Growth Modifier: 100%
[12:44:27] [Server thread/INFO]: Wheat Growth Modifier: 100%
[12:44:27] [Server thread/INFO]: NetherWart Growth Modifier: 100%
[12:44:27] [Server thread/INFO]: Vine Growth Modifier: 100%
[12:44:27] [Server thread/INFO]: Cocoa Growth Modifier: 100%
[12:44:27] [Server thread/INFO]: Bamboo Growth Modifier: 100%
[12:44:27] [Server thread/INFO]: SweetBerry Growth Modifier: 100%
[12:44:27] [Server thread/INFO]: Kelp Growth Modifier: 100%
[12:44:27] [Server thread/INFO]: Entity Activation Range: An 32 / Mo 32 / Ra 48 / Mi 16 / Tiv true
[12:44:27] [Server thread/INFO]: Hopper Transfer: 8 Hopper Check: 1 Hopper Amount: 1
[12:44:27] [Server thread/INFO]: Custom Map Seeds:  Village: 10387312 Desert: 14357617 Igloo: 14357618 Jungle: 14357619 Swamp: 14357620 Monument: 10387313 Ocean: 14357621 Shipwreck: 165745295 End City: 10387313 Slime: 987234911 Bastion: 30084232 Fortress: 30084232 Mansion: 10387319 Fossil: 14357921 Portal: 34222645
[12:44:27] [Server thread/INFO]: Max TNT Explosions: 100
[12:44:27] [Server thread/INFO]: Tile Max Tick Time: 50ms Entity max Tick Time: 50ms
[12:44:27] [Server thread/INFO]: Arrow Despawn Rate: 1200 Trident Respawn Rate:1200
[12:44:27] [Server thread/INFO]: Zombie Aggressive Towards Villager: true
[12:44:27] [Server thread/INFO]: Nerfing mobs spawned from spawners: false
[12:44:27] [Server thread/INFO]: Item Despawn Rate: 6000
[12:44:27] [Server thread/INFO]: Item Merge Radius: 2.5
[12:44:27] [Server thread/INFO]: Entity Tracking Range: Pl 48 / An 48 / Mo 48 / Mi 32 / Other 64
[12:44:27] [Server thread/INFO]: Allow Zombie Pigmen to spawn from portal blocks: true
[12:44:27] [Server thread/INFO]: View Distance: 5
[12:44:27] [Server thread/INFO]: -------- World Settings For [world_the_end] --------
[12:44:27] [Server thread/INFO]: Experience Merge Radius: 3.0
[12:44:27] [Server thread/INFO]: Mob Spawn Range: 6
[12:44:27] [Server thread/INFO]: Cactus Growth Modifier: 100%
[12:44:27] [Server thread/INFO]: Cane Growth Modifier: 100%
[12:44:27] [Server thread/INFO]: Melon Growth Modifier: 100%
[12:44:27] [Server thread/INFO]: Mushroom Growth Modifier: 100%
[12:44:27] [Server thread/INFO]: Pumpkin Growth Modifier: 100%
[12:44:27] [Server thread/INFO]: Sapling Growth Modifier: 100%
[12:44:27] [Server thread/INFO]: Beetroot Growth Modifier: 100%
[12:44:27] [Server thread/INFO]: Carrot Growth Modifier: 100%
[12:44:27] [Server thread/INFO]: Potato Growth Modifier: 100%
[12:44:27] [Server thread/INFO]: Wheat Growth Modifier: 100%
[12:44:27] [Server thread/INFO]: NetherWart Growth Modifier: 100%
[12:44:27] [Server thread/INFO]: Vine Growth Modifier: 100%
[12:44:27] [Server thread/INFO]: Cocoa Growth Modifier: 100%
[12:44:27] [Server thread/INFO]: Bamboo Growth Modifier: 100%
[12:44:27] [Server thread/INFO]: SweetBerry Growth Modifier: 100%
[12:44:27] [Server thread/INFO]: Kelp Growth Modifier: 100%
[12:44:27] [Server thread/INFO]: Entity Activation Range: An 32 / Mo 32 / Ra 48 / Mi 16 / Tiv true
[12:44:27] [Server thread/INFO]: Hopper Transfer: 8 Hopper Check: 1 Hopper Amount: 1
[12:44:27] [Server thread/INFO]: Custom Map Seeds:  Village: 10387312 Desert: 14357617 Igloo: 14357618 Jungle: 14357619 Swamp: 14357620 Monument: 10387313 Ocean: 14357621 Shipwreck: 165745295 End City: 10387313 Slime: 987234911 Bastion: 30084232 Fortress: 30084232 Mansion: 10387319 Fossil: 14357921 Portal: 34222645
[12:44:27] [Server thread/INFO]: Max TNT Explosions: 100
[12:44:27] [Server thread/INFO]: Tile Max Tick Time: 50ms Entity max Tick Time: 50ms
[12:44:27] [Server thread/INFO]: Arrow Despawn Rate: 1200 Trident Respawn Rate:1200
[12:44:27] [Server thread/INFO]: Zombie Aggressive Towards Villager: true
[12:44:27] [Server thread/INFO]: Nerfing mobs spawned from spawners: false
[12:44:27] [Server thread/INFO]: Item Despawn Rate: 6000
[12:44:27] [Server thread/INFO]: Item Merge Radius: 2.5
[12:44:27] [Server thread/INFO]: Entity Tracking Range: Pl 48 / An 48 / Mo 48 / Mi 32 / Other 64
[12:44:27] [Server thread/INFO]: Allow Zombie Pigmen to spawn from portal blocks: true
[12:44:27] [Server thread/INFO]: View Distance: 5
[12:44:27] [Server thread/INFO]: Preparing start region for dimension minecraft:overworld
[12:44:33] [Server thread/INFO]: Preparing spawn area: 0%
[12:44:33] [Server thread/INFO]: Preparing spawn area: 0%
[12:44:33] [Server thread/INFO]: Preparing spawn area: 0%
[12:44:33] [Server thread/INFO]: Preparing spawn area: 0%
[12:44:33] [Server thread/INFO]: Preparing spawn area: 0%
[12:44:33] [Server thread/INFO]: Preparing spawn area: 0%
[12:44:33] [Server thread/INFO]: Preparing spawn area: 0%
[12:44:33] [Server thread/INFO]: Preparing spawn area: 0%
[12:44:33] [Server thread/INFO]: Preparing spawn area: 0%
[12:44:33] [Server thread/INFO]: Preparing spawn area: 0%
[12:44:33] [Server thread/INFO]: Preparing spawn area: 0%
[12:44:33] [Server thread/INFO]: Preparing spawn area: 0%
[12:44:34] [Server thread/INFO]: Preparing spawn area: 0%
[12:44:34] [Worker-Main-9/INFO]: Preparing spawn area: 83%
[12:44:35] [Server thread/INFO]: Preparing spawn area: 85%
[12:44:35] [Server thread/INFO]: Preparing spawn area: 85%
[12:44:36] [Server thread/INFO]: Time elapsed: 8489 ms
[12:44:36] [Server thread/INFO]: Preparing start region for dimension minecraft:the_nether
[12:44:40] [Server thread/INFO]: Preparing spawn area: 0%
[12:44:40] [Server thread/INFO]: Preparing spawn area: 0%
[12:44:40] [Server thread/INFO]: Preparing spawn area: 0%
[12:44:40] [Server thread/INFO]: Preparing spawn area: 0%
[12:44:40] [Server thread/INFO]: Preparing spawn area: 0%
[12:44:40] [Server thread/INFO]: Preparing spawn area: 0%
[12:44:40] [Server thread/INFO]: Preparing spawn area: 0%
[12:44:40] [Server thread/INFO]: Preparing spawn area: 0%
[12:44:40] [Server thread/INFO]: Preparing spawn area: 0%
[12:44:40] [Server thread/INFO]: Preparing spawn area: 0%
[12:44:41] [Server thread/INFO]: Preparing spawn area: 0%
[12:44:41] [Server thread/INFO]: Preparing spawn area: 83%
[12:44:42] [Server thread/INFO]: Preparing spawn area: 83%
[12:44:43] [Server thread/INFO]: Preparing spawn area: 83%
[12:44:43] [Worker-Main-8/INFO]: Preparing spawn area: 84%
[12:44:43] [Worker-Main-7/INFO]: Preparing spawn area: 96%
[12:44:44] [Worker-Main-9/INFO]: Preparing spawn area: 96%
[12:44:44] [Worker-Main-7/INFO]: Preparing spawn area: 96%
[12:44:45] [Worker-Main-7/INFO]: Preparing spawn area: 96%
[12:44:45] [Worker-Main-7/INFO]: Preparing spawn area: 96%
[12:44:46] [Worker-Main-9/INFO]: Preparing spawn area: 98%
[12:44:46] [Worker-Main-9/INFO]: Preparing spawn area: 98%
[12:44:47] [Worker-Main-9/INFO]: Preparing spawn area: 98%
[12:44:47] [Server thread/INFO]: Time elapsed: 11177 ms
[12:44:47] [Server thread/INFO]: Preparing start region for dimension minecraft:the_end
[12:44:48] [Server thread/INFO]: Preparing spawn area: 0%
[12:44:48] [Server thread/INFO]: Preparing spawn area: 0%
[12:44:48] [Server thread/INFO]: Preparing spawn area: 0%
[12:44:48] [Server thread/INFO]: Preparing spawn area: 0%
[12:44:49] [Worker-Main-9/INFO]: Preparing spawn area: 83%
[12:44:49] [Worker-Main-8/INFO]: Preparing spawn area: 83%
[12:44:50] [Worker-Main-9/INFO]: Preparing spawn area: 83%
[12:44:50] [Worker-Main-9/INFO]: Preparing spawn area: 83%
[12:44:51] [Worker-Main-9/INFO]: Preparing spawn area: 83%
[12:44:51] [Worker-Main-9/INFO]: Preparing spawn area: 83%
[12:44:52] [Worker-Main-9/INFO]: Preparing spawn area: 89%
[12:44:52] [Worker-Main-7/INFO]: Preparing spawn area: 93%
[12:44:53] [Worker-Main-8/INFO]: Preparing spawn area: 98%
[12:44:53] [Server thread/INFO]: Time elapsed: 6149 ms
[12:44:53] [Server thread/INFO]: [Timber] Enabling Timber v1.0.9
[12:44:53] [Server thread/INFO]: Timber Log Materials: [BIRCH_LOG, OAK_LOG, DARK_OAK_LOG, SPRUCE_LOG, ACACIA_LOG, JUNGLE_LOG]
[12:44:53] [Server thread/INFO]: Timber Axe Materials: [NETHERITE_AXE, IRON_AXE, DIAMOND_AXE, WOODEN_AXE, STONE_AXE, GOLDEN_AXE]
[12:44:53] [Server thread/INFO]: [WebConsole] Enabling WebConsole v2.0
[12:44:53] [Server thread/INFO]: [DeadChest] Enabling DeadChest v4.1.1
[12:44:53] [WebSocketSelector-46/INFO]: [WebConsole] WebSocket Server started successfully.
[12:44:53] [Server thread/INFO]: [AutoTool] Enabling AutoTool v1.1.2
[12:44:54] [Server thread/INFO]: [SimpleSpawn-Core] Enabling SimpleSpawn-Core v1.0.2
[12:44:54] [Server thread/INFO]: [SimpleSpawn-TpTo] Enabling SimpleSpawn-TpTo v1.0.2-1.0.0
[12:44:54] [Server thread/INFO]: [ELP] Enabling EconomicLandProtection v1.0.1
[12:44:54] [Server thread/INFO]: [?cELP?r] ?b?????????
[12:44:54] [Server thread/INFO]: [SimpleSpawn-Jail] Enabling SimpleSpawn-Jail v1.0.2-1.0.2
[12:44:54] [Server thread/INFO]: [SimpleSpawn-Home] Enabling SimpleSpawn-Home v1.0.2-1.0.2
[12:44:54] [Server thread/INFO]: [ChestShop] Enabling ChestShop v3.11 (build 213)
[12:44:54] [Server thread/INFO]: [ChestShop] Found locale en!
[12:44:54] [Server thread/WARN]: [ChestShop] Loaded class org.slf4j.LoggerFactory from WebConsole v2.0 which is not a depend, softdepend or loadbefore of this plugin.
[12:44:55] [Server thread/WARN]: [Server thread] INFO com.Acrobot.ChestShop.ORMlite.table.TableUtils - creating table 'accounts'
[12:44:55] [Server thread/WARN]: [Server thread] INFO com.Acrobot.ChestShop.ORMlite.table.TableUtils - creating index 'accounts_uuid_idx' for table 'accounts
[12:44:55] [Server thread/WARN]: [Server thread] INFO com.Acrobot.ChestShop.ORMlite.table.TableUtils - creating index 'accounts_shortName_idx' for table 'accounts
[12:44:55] [Server thread/WARN]: [Server thread] INFO com.Acrobot.ChestShop.ORMlite.table.TableUtils - creating index 'accounts_name_idx' for table 'accounts
[12:44:55] [Server thread/WARN]: [Server thread] INFO com.Acrobot.ChestShop.ORMlite.table.TableUtils - executed create table statement changed 0 rows: CREATE TABLE IF NOT EXISTS `accounts` (`name` VARCHAR NOT NULL , `shortName` VARCHAR NOT NULL , `uuid` VARCHAR NOT NULL , `lastSeen` BIGINT DEFAULT 0 NOT NULL , PRIMARY KEY (`shortName`) , UNIQUE (`name`,`uuid`) ) 
[12:44:55] [Server thread/WARN]: [Server thread] INFO com.Acrobot.ChestShop.ORMlite.table.TableUtils - executed create table statement changed 0 rows: CREATE INDEX IF NOT EXISTS `accounts_uuid_idx` ON `accounts` ( `uuid` )
[12:44:55] [Server thread/WARN]: [Server thread] INFO com.Acrobot.ChestShop.ORMlite.table.TableUtils - executed create table statement changed 0 rows: CREATE INDEX IF NOT EXISTS `accounts_shortName_idx` ON `accounts` ( `shortName` )
[12:44:55] [Server thread/WARN]: [Server thread] INFO com.Acrobot.ChestShop.ORMlite.table.TableUtils - executed create table statement changed 0 rows: CREATE INDEX IF NOT EXISTS `accounts_name_idx` ON `accounts` ( `name` )
[12:44:55] [Server thread/WARN]: [ChestShop] Server economy account setting '' doesn't seem to be the name of a known player! Please log in at least once in order for the server economy account to work.
[12:44:55] [Server thread/WARN]: [Server thread] INFO com.Acrobot.ChestShop.ORMlite.table.TableUtils - creating table 'items'
[12:44:55] [Server thread/WARN]: [Server thread] INFO com.Acrobot.ChestShop.ORMlite.table.TableUtils - creating index 'items_code_idx' for table 'items
[12:44:55] [Server thread/WARN]: [Server thread] INFO com.Acrobot.ChestShop.ORMlite.table.TableUtils - executed create table statement changed 0 rows: CREATE TABLE IF NOT EXISTS `items` (`id` INTEGER PRIMARY KEY AUTOINCREMENT , `code` VARCHAR NOT NULL ) 
[12:44:55] [Server thread/WARN]: [Server thread] INFO com.Acrobot.ChestShop.ORMlite.table.TableUtils - executed create table statement changed 0 rows: CREATE INDEX IF NOT EXISTS `items_code_idx` ON `items` ( `code` )
[12:44:55] [Server thread/INFO]: [ChestShop] Using frConomy as the Economy provider now.
[12:44:55] [Server thread/INFO]: [ChestShop] Vault loaded!
[12:44:55] [Server thread/INFO]: [ChestShop] Auto-updater is disabled. If you want the plugin to automatically download new releases then set 'TURN_OFF_UPDATES' to 'false' in your config.yml!
[12:44:55] [Server thread/INFO]: [SimpleSpawn-Warp] Enabling SimpleSpawn-Warp v1.0.2-1.0.2
[12:44:55] [Server thread/INFO]: [SimpleSpawn-Work] Enabling SimpleSpawn-Work v1.0.2-1.0.2
[12:44:55] [Server thread/INFO]: [Jobs] Enabling Jobs v4.16.2
[12:45:08] [Server thread/WARN]: Initializing Legacy Material Support. Unless you have legacy plugins and/or data this is a bug!
[12:45:40] [Server thread/INFO]: [Jobs] Loaded 8 titles!
[12:45:40] [Server thread/INFO]: [Jobs] Loaded 75 protected blocks timers!
[12:45:41] [Server thread/INFO]: [Jobs] Loaded 1097 custom item names!
[12:45:41] [Server thread/INFO]: [Jobs] Loaded 72 custom entity names!
[12:45:41] [Server thread/INFO]: [Jobs] Loaded 2 custom MythicMobs names!
[12:45:41] [Server thread/INFO]: [Jobs] Loaded 38 custom enchant names!
[12:45:41] [Server thread/INFO]: [Jobs] Loaded 16 custom color names!
[12:45:42] [Server thread/INFO]: [Jobs] Loaded 4 shop items!
[12:45:42] [Server thread/INFO]: [Jobs] Loaded 1 quests for Woodcutter
[12:45:42] [Server thread/INFO]: [Jobs] Loaded 1 quests for Miner
[12:45:42] [Server thread/INFO]: [Jobs] Loaded 1 quests for Builder
[12:45:42] [Server thread/INFO]: [Jobs] Loaded 1 quests for Digger
[12:45:42] [Server thread/INFO]: [Jobs] Loaded 1 quests for Farmer
[12:45:42] [Server thread/INFO]: [Jobs] Loaded 1 quests for Hunter
[12:45:42] [Server thread/INFO]: [Jobs] Loaded 1 quests for Explorer
[12:45:42] [Server thread/INFO]: [Jobs] Loaded 1 quests for Crafter
[12:45:42] [Server thread/INFO]: [Jobs] Loaded 1 quests for Fisherman
[12:45:42] [Server thread/INFO]: [Jobs] Loaded 1 quests for Weaponsmith
[12:45:42] [Server thread/INFO]: [Jobs] Loaded 1 quests for Brewer
[12:45:42] [Server thread/INFO]: [Jobs] Loaded 1 quests for Enchanter
[12:45:42] [Server thread/INFO]: [Jobs] Loaded 12 jobs!
[12:45:42] [Server thread/INFO]: [Jobs] Explorer job manager registered!
[12:45:43] [Server thread/INFO]: [Jobs] Loaded 2 furnaces and 2 brewing stands for reassigning.
[12:45:43] [Jobs-DatabaseSaveTask/INFO]: [Jobs] Started database save task.
[12:45:43] [Jobs-BufferedPaymentThread/INFO]: [Jobs] Started buffered payment thread.
[12:45:43] [Server thread/INFO]: [Jobs] Preloaded 3 players data in 0.04
[12:45:43] [Server thread/INFO]: [Jobs] Loaded 59 block protection entries. 11ms
[12:45:43] [Server thread/INFO]: [Jobs] Loading explorer data
[12:45:44] [Server thread/INFO]: [Jobs] Loaded explorer data (783)
[12:45:44] [Server thread/INFO]: [Jobs] Plugin has been enabled successfully.
[12:45:44] [Server thread/INFO]: [SimpleSpawn-Back] Enabling SimpleSpawn-Back v1.0.2-1.0.2
[12:45:44] [Server thread/INFO]: Server permissions file permissions.yml is empty, ignoring it
[12:45:44] [Server thread/INFO]: Done (77.951s)! For help, type "help"
[12:45:44] [Server thread/INFO]: [Jobs] Successfully linked with Vault.
[12:45:44] [Craft Scheduler Thread - 1/INFO]: [Vault] Checking for Updates ... 
[12:45:48] [Craft Scheduler Thread - 1/INFO]: [Vault] No new version available
