[2020-10-03 01:47:41] New deadchest for [miropele28] in world at X:-237 Y:80 Z:-399
[2020-10-03 01:49:15] Deadchest of [miropele28] was taken by [miropele28] in world
[2020-10-03 15:26:19] New deadchest for [miropele28] in world at X:-154 Y:70 Z:-390
[2020-10-04 14:11:14] Deadchest of [miropele28] was taken by [miropele28] in world
[2020-10-04 15:49:49] New deadchest for [miropele28] in world at X:259 Y:54 Z:-114
[2020-10-04 15:50:37] Deadchest of [miropele28] was taken by [miropele28] in world
[2020-10-04 16:24:39] New deadchest for [miropele28] in world at X:-189 Y:82 Z:-513
[2020-10-04 16:24:46] Deadchest of [miropele28] was taken by [miropele28] in world
[2020-10-04 16:26:03] New deadchest for [miropele28] in world at X:-189 Y:85 Z:-488
[2020-10-04 16:26:08] Deadchest of [miropele28] was taken by [miropele28] in world
[2020-10-04 16:41:31] New deadchest for [miropele28] in world at X:8 Y:77 Z:-318
[2020-10-04 16:41:36] Deadchest of [miropele28] was taken by [miropele28] in world
[2020-10-04 20:10:52] New deadchest for [miropele28] in world at X:-131 Y:73 Z:-429
[2020-10-04 20:10:52] Deadchest of [miropele28] was protected from explosion in world
[2020-10-04 20:11:05] Deadchest of [miropele28] was taken by [miropele28] in world
[2020-10-04 20:23:11] New deadchest for [miropele28] in world at X:58 Y:69 Z:-357
[2020-10-04 20:24:49] Deadchest of [miropele28] was taken by [miropele28] in world
[2020-10-04 20:25:12] New deadchest for [miropele28] in world at X:81 Y:71 Z:-369
[2020-10-04 20:25:18] Deadchest of [miropele28] was taken by [miropele28] in world
[2020-10-04 21:40:40] New deadchest for [miropele28] in world at X:35 Y:72 Z:-376
[2020-10-04 21:40:46] Deadchest of [miropele28] was taken by [miropele28] in world
[2020-10-04 21:40:50] New deadchest for [miropele28] in world at X:40 Y:71 Z:-389
[2020-10-04 21:40:55] Deadchest of [miropele28] was taken by [miropele28] in world
[2020-10-04 21:41:42] New deadchest for [miropele28] in world at X:74 Y:72 Z:-402
[2020-10-04 21:41:51] Deadchest of [miropele28] was taken by [miropele28] in world
[2020-10-04 23:26:46] New deadchest for [miropele28] in world at X:982 Y:60 Z:23
[2020-10-04 23:27:06] Deadchest of [miropele28] was taken by [miropele28] in world
[2020-10-08 17:48:11] New deadchest for [miropele28] in world at X:-793 Y:57 Z:-435
[2020-10-08 17:48:31] Deadchest of [miropele28] was taken by [miropele28] in world
[2020-10-08 18:25:13] New deadchest for [miropele28] in world at X:-185 Y:14 Z:-400
[2020-10-08 18:25:13] Deadchest of [miropele28] was protected from explosion in world
[2020-10-08 18:25:19] Deadchest of [miropele28] was taken by [miropele28] in world
[2020-10-10 18:02:32] New deadchest for [miropele28] in world at X:-160 Y:72 Z:-446
[2020-10-10 18:02:36] Deadchest of [miropele28] was taken by [miropele28] in world
[2020-10-10 20:29:12] New deadchest for [Kocurik2001] in world at X:0 Y:9 Z:-464
[2020-10-10 20:29:24] Player [Kocurik2001] died without inventory : No Deadchest generated
[2020-10-10 20:29:39] Player [Kocurik2001] died without inventory : No Deadchest generated
[2020-10-10 20:29:48] Player [Kocurik2001] died without inventory : No Deadchest generated
[2020-10-10 20:30:31] Deadchest of [Kocurik2001] was taken by [Kocurik2001] in world
[2020-10-10 21:18:34] New deadchest for [miropele28] in world at X:-179 Y:78 Z:-425
[2020-10-10 21:18:40] Deadchest of [miropele28] was taken by [miropele28] in world
[2020-10-10 21:39:07] New deadchest for [miropele28] in world at X:-186 Y:83 Z:-441
[2020-10-10 21:39:14] Deadchest of [miropele28] was taken by [miropele28] in world
[2020-10-10 21:55:51] New deadchest for [miropele28] in world at X:-191 Y:87 Z:-407
[2020-10-10 21:55:59] Deadchest of [miropele28] was taken by [miropele28] in world
[2020-10-10 22:01:59] New deadchest for [Kocurik2001] in world at X:80 Y:17 Z:-481
[2020-10-10 22:02:08] Deadchest of [Kocurik2001] was taken by [Kocurik2001] in world
[2020-10-10 22:09:52] New deadchest for [miropele28] in world at X:-188 Y:109 Z:-435
[2020-10-10 22:10:04] Deadchest of [miropele28] was taken by [miropele28] in world
[2020-10-10 22:21:32] New deadchest for [miropele28] in world at X:-163 Y:99 Z:-484
[2020-10-10 22:21:32] Deadchest of [miropele28] was protected from explosion in world
[2020-10-10 22:21:42] Deadchest of [miropele28] was taken by [miropele28] in world
[2020-10-10 22:24:31] New deadchest for [miropele28] in world at X:36 Y:71 Z:-354
[2020-10-10 22:24:49] Deadchest of [miropele28] was taken by [miropele28] in world
[2020-10-10 22:39:52] New deadchest for [Kocurik2001] in world at X:-12 Y:78 Z:-354
[2020-10-10 22:40:01] Deadchest of [Kocurik2001] was taken by [Kocurik2001] in world
[2020-10-10 22:44:53] New deadchest for [Kocurik2001] in world at X:-197 Y:88 Z:-465
[2020-10-10 22:44:59] Deadchest of [Kocurik2001] was taken by [Kocurik2001] in world
[2020-10-10 22:57:34] New deadchest for [miropele28] in world at X:-407 Y:53 Z:-613
[2020-10-10 22:57:42] Deadchest of [miropele28] was taken by [miropele28] in world
[2020-10-10 23:00:30] New deadchest for [Matyruchas] in world at X:-128 Y:72 Z:-434
[2020-10-10 23:00:35] Deadchest of [Matyruchas] was taken by [Matyruchas] in world
[2020-10-10 23:18:35] New deadchest for [Kocurik2001] in world at X:-4 Y:74 Z:-310
[2020-10-10 23:18:44] Deadchest of [Kocurik2001] was taken by [Kocurik2001] in world
[2020-10-10 23:18:51] New deadchest for [Kocurik2001] in world at X:-6 Y:75 Z:-309
[2020-10-10 23:18:59] Deadchest of [Kocurik2001] was taken by [Kocurik2001] in world
[2020-10-10 23:19:26] New deadchest for [Kocurik2001] in world at X:6 Y:73 Z:-248
[2020-10-10 23:19:48] New deadchest for [Kocurik2001] in world at X:8 Y:74 Z:-248
[2020-10-10 23:19:54] Deadchest of [Kocurik2001] was taken by [Kocurik2001] in world
[2020-10-10 23:20:12] New deadchest for [miropele28] in world at X:-424 Y:22 Z:-558
[2020-10-10 23:20:26] Deadchest of [miropele28] was taken by [miropele28] in world
[2020-10-10 23:20:42] New deadchest for [Kocurik2001] in world at X:-43 Y:73 Z:-232
[2020-10-10 23:20:51] Deadchest of [Kocurik2001] was taken by [Kocurik2001] in world
[2020-10-10 23:20:54] New deadchest for [Kocurik2001] in world at X:-50 Y:72 Z:-229
[2020-10-10 23:21:04] Deadchest of [Kocurik2001] was taken by [Kocurik2001] in world
[2020-10-10 23:21:06] New deadchest for [Kocurik2001] in world at X:-49 Y:73 Z:-226
[2020-10-10 23:21:16] Deadchest of [Kocurik2001] was taken by [Kocurik2001] in world
[2020-10-10 23:21:35] New deadchest for [Kocurik2001] in world at X:9 Y:69 Z:-213
[2020-10-10 23:21:43] Deadchest of [Kocurik2001] was taken by [Kocurik2001] in world
[2020-10-10 23:21:56] New deadchest for [Matyruchas] in world at X:28 Y:69 Z:-188
[2020-10-10 23:22:02] Deadchest of [Matyruchas] was taken by [Matyruchas] in world
[2020-10-10 23:22:05] New deadchest for [Kocurik2001] in world at X:30 Y:69 Z:-203
[2020-10-10 23:22:12] Deadchest of [Kocurik2001] was taken by [Kocurik2001] in world
[2020-10-10 23:22:36] Deadchest of [Kocurik2001] was taken by [Kocurik2001] in world
[2020-10-10 23:43:56] New deadchest for [Kocurik2001] in world at X:-482 Y:34 Z:-442
[2020-10-10 23:44:07] Deadchest of [Kocurik2001] was taken by [Kocurik2001] in world
[2020-10-10 23:46:04] New deadchest for [miropele28] in world at X:-482 Y:16 Z:-565
[2020-10-10 23:46:04] Deadchest of [miropele28] was protected from explosion in world
[2020-10-10 23:46:13] Deadchest of [miropele28] was taken by [miropele28] in world
[2020-10-10 23:57:16] New deadchest for [miropele28] in world at X:-466 Y:19 Z:-553
[2020-10-10 23:57:25] Deadchest of [miropele28] was taken by [miropele28] in world
[2020-10-11 00:00:50] New deadchest for [miropele28] in world at X:-449 Y:11 Z:-522
[2020-10-11 00:00:50] Deadchest of [miropele28] was protected from explosion in world
[2020-10-11 00:00:55] Deadchest of [miropele28] was taken by [miropele28] in world
[2020-10-11 00:05:27] New deadchest for [Kocurik2001] in world at X:-369 Y:16 Z:-603
[2020-10-11 00:05:27] Deadchest of [Kocurik2001] was protected from explosion in world
[2020-10-11 00:05:36] Deadchest of [Kocurik2001] was taken by [Kocurik2001] in world
[2020-10-11 00:07:17] New deadchest for [miropele28] in world at X:-414 Y:22 Z:-553
[2020-10-11 00:07:28] Deadchest of [miropele28] was taken by [miropele28] in world
[2020-10-11 00:11:09] New deadchest for [miropele28] in world at X:-398 Y:13 Z:-562
[2020-10-11 00:11:09] Deadchest of [miropele28] was protected from explosion in world
[2020-10-11 00:11:16] Deadchest of [miropele28] was taken by [miropele28] in world
[2020-10-11 00:18:13] New deadchest for [miropele28] in world at X:-371 Y:15 Z:-586
[2020-10-11 00:18:22] Deadchest of [miropele28] was taken by [miropele28] in world
[2020-10-11 00:47:38] New deadchest for [Kocurik2001] in world at X:-131 Y:72 Z:-434
[2020-10-11 00:47:38] Deadchest of [Kocurik2001] was protected from explosion in world
[2020-10-11 00:47:48] Deadchest of [Kocurik2001] was taken by [Kocurik2001] in world
[2020-10-11 00:48:33] New deadchest for [Kocurik2001] in world at X:-146 Y:69 Z:-349
[2020-10-11 00:48:33] Deadchest of [Kocurik2001] was protected from explosion in world
[2020-10-11 00:48:42] Deadchest of [Kocurik2001] was taken by [Kocurik2001] in world
[2020-10-11 00:54:37] New deadchest for [Kocurik2001] in world at X:-200 Y:69 Z:-231
[2020-10-11 00:54:42] Deadchest of [Kocurik2001] was taken by [Kocurik2001] in world
[2020-10-16 20:05:01] New deadchest for [miropele28] in world at X:-182 Y:87 Z:-476
[2020-10-16 20:05:01] Deadchest of [miropele28] was protected from explosion in world
[2020-10-16 20:05:17] Deadchest of [miropele28] was taken by [miropele28] in world
[2020-10-16 20:47:34] New deadchest for [miropele28] in world_nether at X:-32 Y:87 Z:-37
[2020-10-16 20:47:44] Deadchest of [miropele28] was taken by [miropele28] in world_nether
[2020-10-16 21:42:10] New deadchest for [miropele28] in world at X:45 Y:70 Z:-339
[2020-10-16 21:42:18] Deadchest of [miropele28] was taken by [miropele28] in world
[2020-10-16 21:48:47] New deadchest for [miropele28] in world at X:-2477 Y:91 Z:-529
[2020-10-16 21:48:47] Deadchest of [miropele28] was protected from explosion in world
[2020-10-16 21:48:55] Deadchest of [miropele28] was taken by [miropele28] in world
[2020-10-16 22:26:06] New deadchest for [miropele28] in world at X:-501 Y:51 Z:1110
[2020-10-16 22:26:24] Deadchest of [miropele28] was taken by [miropele28] in world
[2020-10-16 22:27:44] New deadchest for [miropele28] in world at X:-508 Y:50 Z:1111
[2020-10-16 22:27:58] Deadchest of [miropele28] was taken by [miropele28] in world
[2020-10-16 22:31:59] New deadchest for [miropele28] in world at X:-221 Y:62 Z:1360
[2020-10-16 22:32:08] Deadchest of [miropele28] was taken by [miropele28] in world
[2020-10-16 22:33:17] New deadchest for [miropele28] in world at X:-219 Y:61 Z:1405
[2020-10-16 22:33:25] Deadchest of [miropele28] was taken by [miropele28] in world
[2020-10-16 22:34:01] New deadchest for [miropele28] in world at X:-240 Y:58 Z:1400
[2020-10-16 22:34:10] Deadchest of [miropele28] was taken by [miropele28] in world
[2020-10-17 17:57:46] New deadchest for [miropele28] in world at X:-2088 Y:64 Z:65
[2020-10-17 17:57:53] Deadchest of [miropele28] was taken by [miropele28] in world
[2020-10-17 18:18:20] New deadchest for [miropele28] in world at X:-6278 Y:50 Z:27
[2020-10-17 18:18:20] Deadchest of [miropele28] was protected from explosion in world
[2020-10-17 18:18:21] Deadchest of [miropele28] was protected from explosion in world
[2020-10-17 18:18:21] Deadchest of [miropele28] was protected from explosion in world
[2020-10-17 18:18:21] Deadchest of [miropele28] was protected from explosion in world
[2020-10-17 18:18:21] Deadchest of [miropele28] was protected from explosion in world
[2020-10-17 18:18:21] Deadchest of [miropele28] was protected from explosion in world
[2020-10-17 18:18:21] Deadchest of [miropele28] was protected from explosion in world
[2020-10-17 18:18:30] Deadchest of [miropele28] was taken by [miropele28] in world
[2020-10-17 18:22:40] New deadchest for [miropele28] in world at X:-7011 Y:45 Z:19
[2020-10-17 18:22:54] Deadchest of [miropele28] was taken by [miropele28] in world
[2020-10-17 18:31:25] New deadchest for [miropele28] in world at X:-8108 Y:76 Z:101
[2020-10-17 18:31:38] Deadchest of [miropele28] was taken by [miropele28] in world
[2020-10-17 19:12:31] New deadchest for [Matyruchas] in world_nether at X:92 Y:54 Z:11
[2020-10-17 19:12:39] Deadchest of [Matyruchas] was taken by [Matyruchas] in world_nether
[2020-10-18 13:01:18] New deadchest for [miropele28] in world at X:-8146 Y:76 Z:125
[2020-10-18 13:01:29] Deadchest of [miropele28] was taken by [miropele28] in world
[2020-10-18 13:01:46] New deadchest for [miropele28] in world at X:-8147 Y:76 Z:117
[2020-10-18 13:02:28] Deadchest of [miropele28] was taken by [miropele28] in world
[2020-10-18 18:44:23] New deadchest for [miropele28] in world at X:-8107 Y:87 Z:84
[2020-10-18 18:44:30] Deadchest of [miropele28] was taken by [miropele28] in world
[2020-10-18 18:44:32] New deadchest for [miropele28] in world at X:-8108 Y:88 Z:84
[2020-10-18 18:44:39] Deadchest of [miropele28] was taken by [miropele28] in world
[2020-10-18 18:57:12] New deadchest for [miropele28] in world at X:-185 Y:88 Z:-453
[2020-10-18 18:57:17] Deadchest of [miropele28] was taken by [miropele28] in world
[2020-10-18 20:37:51] New deadchest for [miropele28] in world at X:-184 Y:84 Z:-449
[2020-10-18 20:37:55] Deadchest of [miropele28] was taken by [miropele28] in world
[2020-10-18 21:03:49] New deadchest for [Kocurik2001] in world at X:-184 Y:88 Z:-454
[2020-10-18 21:04:03] Player [Kocurik2001] died without inventory : No Deadchest generated
[2020-10-18 21:04:21] Player [Kocurik2001] died without inventory : No Deadchest generated
[2020-10-18 21:05:48] New deadchest for [Kocurik2001] in world at X:-140 Y:71 Z:-392
[2020-10-18 21:05:52] Deadchest of [Kocurik2001] was taken by [Kocurik2001] in world
[2020-10-18 21:14:32] New deadchest for [Kocurik2001] in world at X:-8111 Y:83 Z:86
[2020-10-18 21:14:34] New deadchest for [miropele28] in world at X:-8112 Y:84 Z:80
[2020-10-18 21:14:42] Deadchest of [miropele28] was taken by [miropele28] in world
[2020-10-18 21:14:42] Deadchest of [Kocurik2001] was taken by [Kocurik2001] in world
[2020-10-18 21:14:43] New deadchest for [miropele28] in world at X:-8112 Y:83 Z:80
[2020-10-18 21:14:49] New deadchest for [Kocurik2001] in world at X:-8104 Y:83 Z:86
[2020-10-18 21:14:49] Player [miropele28] died without inventory : No Deadchest generated
[2020-10-18 21:14:57] Player [Kocurik2001] died without inventory : No Deadchest generated
[2020-10-18 21:14:57] Player [miropele28] died without inventory : No Deadchest generated
[2020-10-18 21:15:08] Deadchest of [miropele28] was taken by [miropele28] in world
[2020-10-18 21:15:13] Deadchest of [Kocurik2001] was taken by [Kocurik2001] in world
[2020-10-18 21:15:13] New deadchest for [Kocurik2001] in world at X:-8104 Y:83 Z:86
[2020-10-18 21:15:24] New deadchest for [miropele28] in world at X:-8114 Y:84 Z:85
[2020-10-18 21:15:31] Deadchest of [Kocurik2001] was taken by [Kocurik2001] in world
[2020-10-18 21:15:33] Deadchest of [miropele28] was taken by [miropele28] in world
[2020-10-18 21:15:41] New deadchest for [Kocurik2001] in world at X:-8110 Y:83 Z:82
[2020-10-18 21:15:49] Deadchest of [Kocurik2001] was taken by [Kocurik2001] in world
[2020-10-18 21:17:37] New deadchest for [miropele28] in world at X:-8109 Y:89 Z:83
[2020-10-18 21:17:50] Deadchest of [miropele28] was taken by [miropele28] in world
[2020-10-18 21:18:14] New deadchest for [Kocurik2001] in world at X:-8115 Y:95 Z:94
[2020-10-18 21:18:17] New deadchest for [miropele28] in world at X:-8118 Y:95 Z:97
[2020-10-18 21:18:23] Deadchest of [miropele28] was taken by [miropele28] in world
[2020-10-18 21:18:23] Deadchest of [Kocurik2001] was taken by [Kocurik2001] in world
[2020-10-18 21:18:26] New deadchest for [Kocurik2001] in world at X:-8114 Y:95 Z:87
[2020-10-18 21:18:34] Deadchest of [Kocurik2001] was taken by [Kocurik2001] in world
[2020-10-18 21:19:38] New deadchest for [Kocurik2001] in world at X:-8108 Y:84 Z:72
[2020-10-18 21:19:46] Deadchest of [Kocurik2001] was taken by [Kocurik2001] in world
[2020-10-18 21:19:47] New deadchest for [Kocurik2001] in world at X:-8109 Y:84 Z:72
[2020-10-18 21:19:53] Player [Kocurik2001] died without inventory : No Deadchest generated
[2020-10-18 21:19:54] Deadchest of [Kocurik2001] was protected from explosion in world
[2020-10-18 21:20:02] New deadchest for [miropele28] in world at X:-8115 Y:95 Z:106
[2020-10-18 21:20:04] Deadchest of [Kocurik2001] was taken by [Kocurik2001] in world
[2020-10-18 21:20:18] Deadchest of [miropele28] was taken by [miropele28] in world
[2020-10-18 21:20:25] New deadchest for [Kocurik2001] in world at X:-8122 Y:84 Z:78
[2020-10-18 21:20:25] New deadchest for [miropele28] in world at X:-8115 Y:95 Z:87
[2020-10-18 21:20:35] Deadchest of [Kocurik2001] was taken by [Kocurik2001] in world
[2020-10-18 21:20:50] Deadchest of [miropele28] was taken by [miropele28] in world
[2020-10-18 21:21:24] New deadchest for [Kocurik2001] in world at X:-8186 Y:64 Z:179
[2020-10-18 21:21:35] Deadchest of [Kocurik2001] was taken by [Kocurik2001] in world
[2020-10-18 21:21:36] New deadchest for [Kocurik2001] in world at X:-8185 Y:64 Z:177
[2020-10-18 21:21:36] New deadchest for [miropele28] in world at X:-8120 Y:95 Z:123
[2020-10-18 21:21:42] Deadchest of [miropele28] was taken by [miropele28] in world
[2020-10-18 21:21:43] Deadchest of [Kocurik2001] was taken by [Kocurik2001] in world
[2020-10-18 21:21:44] New deadchest for [miropele28] in world at X:-8121 Y:94 Z:124
[2020-10-18 21:21:51] Deadchest of [miropele28] was taken by [miropele28] in world
[2020-10-18 21:21:56] New deadchest for [miropele28] in world at X:-8124 Y:95 Z:112
[2020-10-18 21:22:13] Deadchest of [miropele28] was taken by [miropele28] in world
[2020-10-18 21:22:15] New deadchest for [miropele28] in world at X:-8126 Y:95 Z:114
[2020-10-18 21:22:22] Deadchest of [miropele28] was taken by [miropele28] in world
[2020-10-18 21:22:22] New deadchest for [miropele28] in world at X:-8127 Y:95 Z:114
[2020-10-18 21:22:37] Deadchest of [miropele28] was taken by [miropele28] in world
[2020-10-18 21:22:41] New deadchest for [miropele28] in world at X:-8138 Y:96 Z:112
[2020-10-18 21:22:49] Player [miropele28] died without inventory : No Deadchest generated
[2020-10-18 21:23:00] Player [miropele28] died without inventory : No Deadchest generated
[2020-10-18 21:23:08] Deadchest of [miropele28] was taken by [miropele28] in world
[2020-10-18 21:24:19] New deadchest for [miropele28] in world at X:-8118 Y:95 Z:109
[2020-10-18 21:24:29] Deadchest of [miropele28] was taken by [miropele28] in world
[2020-10-18 21:28:12] New deadchest for [miropele28] in world at X:-8115 Y:95 Z:108
[2020-10-18 21:29:31] Deadchest of [miropele28] was taken by [miropele28] in world
[2020-10-18 21:29:32] New deadchest for [miropele28] in world at X:-8117 Y:95 Z:110
[2020-10-18 21:29:44] Player [miropele28] died without inventory : No Deadchest generated
[2020-10-18 21:30:53] Deadchest of [miropele28] was taken by [miropele28] in world
[2020-10-27 18:30:31] New deadchest for [miropele28] in world at X:50 Y:69 Z:-362
[2020-10-27 18:30:38] Deadchest of [miropele28] was taken by [miropele28] in world
[2020-10-27 18:30:48] New deadchest for [miropele28] in world at X:45 Y:71 Z:-369
[2020-10-27 18:31:30] Deadchest of [miropele28] was taken by [miropele28] in world
[2020-10-28 20:36:52] New deadchest for [miropele28] in world_nether at X:-46 Y:62 Z:-22
[2020-10-28 20:36:59] Deadchest of [miropele28] was taken by [miropele28] in world_nether
[2020-10-28 20:43:35] New deadchest for [miropele28] in world_nether at X:-137 Y:54 Z:-134
[2020-10-28 20:43:42] Deadchest of [miropele28] was taken by [miropele28] in world_nether
[2020-10-28 20:45:08] New deadchest for [miropele28] in world_nether at X:-139 Y:61 Z:-138
[2020-10-28 20:45:14] Deadchest of [miropele28] was taken by [miropele28] in world_nether
[2020-10-28 21:04:57] New deadchest for [miropele28] in world_nether at X:-193 Y:80 Z:96
[2020-10-28 21:05:25] Deadchest of [miropele28] was taken by [miropele28] in world_nether
[2020-10-28 21:12:13] New deadchest for [miropele28] in world_nether at X:-149 Y:60 Z:140
[2020-10-28 21:17:01] Deadchest of [miropele28] was taken by [miropele28] in world_nether
[2020-10-28 21:17:42] New deadchest for [miropele28] in world_nether at X:-138 Y:60 Z:145
[2020-10-28 21:17:50] Deadchest of [miropele28] was taken by [miropele28] in world_nether
[2020-10-28 21:19:55] New deadchest for [miropele28] in world_nether at X:-120 Y:64 Z:145
[2020-10-29 16:39:55] New deadchest for [miropele28] in world at X:-178 Y:27 Z:-440
[2020-10-29 16:40:01] Deadchest of [miropele28] was taken by [miropele28] in world
[2020-10-29 16:50:29] New deadchest for [miropele28] in world at X:-180 Y:27 Z:-440
[2020-10-29 16:50:34] Deadchest of [miropele28] was taken by [miropele28] in world
