[16:00:15] [main/INFO]: Environment: authHost='https://authserver.mojang.com', accountsHost='https://api.mojang.com', sessionHost='https://sessionserver.mojang.com', name='PROD'
[16:00:17] [main/INFO]: Reloading ResourceManager: Default, bukkit
[16:00:18] [Worker-Main-2/INFO]: Loaded 7 recipes
[16:00:23] [Server thread/INFO]: Starting minecraft server version 1.16.2
[16:00:23] [Server thread/WARN]: To start the server with more ram, launch it as "java -Xmx1024M -Xms1024M -jar minecraft_server.jar"
[16:00:23] [Server thread/INFO]: Loading properties
[16:00:23] [Server thread/INFO]: This server is running CraftBukkit version git-Spigot-b5a13e6-0d8350a (MC: 1.16.2) (Implementing API version 1.16.2-R0.1-SNAPSHOT)
[16:00:23] [Server thread/INFO]: Server Ping Player Sample Count: 12
[16:00:23] [Server thread/INFO]: Using 4 threads for Netty based IO
[16:00:23] [Server thread/INFO]: Debug logging is disabled
[16:00:23] [Server thread/INFO]: Default game type: SURVIVAL
[16:00:23] [Server thread/INFO]: Generating keypair
[16:00:24] [Server thread/INFO]: Starting Minecraft server on *:25565
[16:00:24] [Server thread/INFO]: Using epoll channel type
[16:00:27] [Server thread/INFO]: [Jecon] Loading Jecon v2.2.0
[16:00:27] [Server thread/INFO]: [Timber] Loading Timber v1.0.9
[16:00:27] [Server thread/INFO]: [DeadChest] Loading DeadChest v4.1.1
[16:00:27] [Server thread/INFO]: [DeadChest] Worldguard not detected : Support is disabled
[16:00:27] [Server thread/INFO]: [Vault] Loading Vault v1.7.3-b131
[16:00:27] [Server thread/INFO]: [SimpleSpawn-Core] Loading SimpleSpawn-Core v1.0.2
[16:00:27] [Server thread/INFO]: [SimpleSpawn-TpTo] Loading SimpleSpawn-TpTo v1.0.2-1.0.0
[16:00:27] [Server thread/INFO]: [SimpleSpawn-Jail] Loading SimpleSpawn-Jail v1.0.2-1.0.2
[16:00:27] [Server thread/INFO]: [SimpleSpawn-Work] Loading SimpleSpawn-Work v1.0.2-1.0.2
[16:00:27] [Server thread/INFO]: [SimpleSpawn-Home] Loading SimpleSpawn-Home v1.0.2-1.0.2
[16:00:27] [Server thread/INFO]: [SimpleSpawn-Back] Loading SimpleSpawn-Back v1.0.2-1.0.2
[16:00:27] [Server thread/INFO]: [SimpleSpawn-Warp] Loading SimpleSpawn-Warp v1.0.2-1.0.2
[16:00:27] [Server thread/INFO]: [Jecon] Enabling Jecon v2.2.0
[16:00:27] [Server thread/INFO]: [Jecon] Use SQLite
[16:00:27] [Server thread/INFO]: jecon-hikari - Starting...
[16:00:27] [Server thread/INFO]: jecon-hikari - Start completed.
[16:00:27] [Server thread/INFO]: [Vault] Enabling Vault v1.7.3-b131
[16:00:27] [Server thread/INFO]: [Vault] [Permission] SuperPermissions loaded as backup permission system.
[16:00:27] [Server thread/INFO]: [Vault] Enabled Version 1.7.3-b131
[16:00:27] [Server thread/WARN]: [Jecon] Loaded class net.milkbowl.vault.economy.Economy from Vault v1.7.3-b131 which is not a depend, softdepend or loadbefore of this plugin.
[16:00:27] [Server thread/INFO]: [Jecon] Hooked Vault
[16:00:27] [Server thread/WARN]: **** SERVER IS RUNNING IN OFFLINE/INSECURE MODE!
[16:00:27] [Server thread/WARN]: The server will make no attempt to authenticate usernames. Beware.
[16:00:27] [Server thread/WARN]: While this makes the game possible to play without internet access, it also opens up the ability for hackers to connect with any username they choose.
[16:00:27] [Server thread/WARN]: To change this, set "online-mode" to "true" in the server.properties file.
[16:00:27] [Server thread/INFO]: Preparing level "world"
[16:00:28] [Server thread/INFO]: -------- World Settings For [world] --------
[16:00:28] [Server thread/INFO]: Entity Tracking Range: Pl 48 / An 48 / Mo 48 / Mi 32 / Other 64
[16:00:28] [Server thread/INFO]: Allow Zombie Pigmen to spawn from portal blocks: true
[16:00:28] [Server thread/INFO]: View Distance: 5
[16:00:28] [Server thread/INFO]: Item Despawn Rate: 6000
[16:00:28] [Server thread/INFO]: Item Merge Radius: 2.5
[16:00:28] [Server thread/INFO]: Arrow Despawn Rate: 1200 Trident Respawn Rate:1200
[16:00:28] [Server thread/INFO]: Zombie Aggressive Towards Villager: true
[16:00:28] [Server thread/INFO]: Nerfing mobs spawned from spawners: false
[16:00:28] [Server thread/INFO]: Cactus Growth Modifier: 100%
[16:00:28] [Server thread/INFO]: Cane Growth Modifier: 100%
[16:00:28] [Server thread/INFO]: Melon Growth Modifier: 100%
[16:00:28] [Server thread/INFO]: Mushroom Growth Modifier: 100%
[16:00:28] [Server thread/INFO]: Pumpkin Growth Modifier: 100%
[16:00:28] [Server thread/INFO]: Sapling Growth Modifier: 100%
[16:00:28] [Server thread/INFO]: Beetroot Growth Modifier: 100%
[16:00:28] [Server thread/INFO]: Carrot Growth Modifier: 100%
[16:00:28] [Server thread/INFO]: Potato Growth Modifier: 100%
[16:00:28] [Server thread/INFO]: Wheat Growth Modifier: 100%
[16:00:28] [Server thread/INFO]: NetherWart Growth Modifier: 100%
[16:00:28] [Server thread/INFO]: Vine Growth Modifier: 100%
[16:00:28] [Server thread/INFO]: Cocoa Growth Modifier: 100%
[16:00:28] [Server thread/INFO]: Bamboo Growth Modifier: 100%
[16:00:28] [Server thread/INFO]: SweetBerry Growth Modifier: 100%
[16:00:28] [Server thread/INFO]: Kelp Growth Modifier: 100%
[16:00:28] [Server thread/INFO]: Experience Merge Radius: 3.0
[16:00:28] [Server thread/INFO]: Mob Spawn Range: 6
[16:00:28] [Server thread/INFO]: Entity Activation Range: An 32 / Mo 32 / Ra 48 / Mi 16 / Tiv true
[16:00:28] [Server thread/INFO]: Hopper Transfer: 8 Hopper Check: 1 Hopper Amount: 1
[16:00:28] [Server thread/INFO]: Custom Map Seeds:  Village: 10387312 Desert: 14357617 Igloo: 14357618 Jungle: 14357619 Swamp: 14357620 Monument: 10387313 Ocean: 14357621 Shipwreck: 165745295 End City: 10387313 Slime: 987234911 Bastion: 30084232 Fortress: 30084232 Mansion: 10387319 Fossil: 14357921 Portal: 34222645
[16:00:28] [Server thread/INFO]: Max TNT Explosions: 100
[16:00:28] [Server thread/INFO]: Tile Max Tick Time: 50ms Entity max Tick Time: 50ms
[16:00:28] [Server thread/INFO]: -------- World Settings For [world_nether] --------
[16:00:28] [Server thread/INFO]: Entity Tracking Range: Pl 48 / An 48 / Mo 48 / Mi 32 / Other 64
[16:00:28] [Server thread/INFO]: Allow Zombie Pigmen to spawn from portal blocks: true
[16:00:28] [Server thread/INFO]: View Distance: 5
[16:00:28] [Server thread/INFO]: Item Despawn Rate: 6000
[16:00:28] [Server thread/INFO]: Item Merge Radius: 2.5
[16:00:28] [Server thread/INFO]: Arrow Despawn Rate: 1200 Trident Respawn Rate:1200
[16:00:28] [Server thread/INFO]: Zombie Aggressive Towards Villager: true
[16:00:28] [Server thread/INFO]: Nerfing mobs spawned from spawners: false
[16:00:28] [Server thread/INFO]: Cactus Growth Modifier: 100%
[16:00:28] [Server thread/INFO]: Cane Growth Modifier: 100%
[16:00:28] [Server thread/INFO]: Melon Growth Modifier: 100%
[16:00:28] [Server thread/INFO]: Mushroom Growth Modifier: 100%
[16:00:28] [Server thread/INFO]: Pumpkin Growth Modifier: 100%
[16:00:28] [Server thread/INFO]: Sapling Growth Modifier: 100%
[16:00:28] [Server thread/INFO]: Beetroot Growth Modifier: 100%
[16:00:28] [Server thread/INFO]: Carrot Growth Modifier: 100%
[16:00:28] [Server thread/INFO]: Potato Growth Modifier: 100%
[16:00:28] [Server thread/INFO]: Wheat Growth Modifier: 100%
[16:00:28] [Server thread/INFO]: NetherWart Growth Modifier: 100%
[16:00:28] [Server thread/INFO]: Vine Growth Modifier: 100%
[16:00:28] [Server thread/INFO]: Cocoa Growth Modifier: 100%
[16:00:28] [Server thread/INFO]: Bamboo Growth Modifier: 100%
[16:00:28] [Server thread/INFO]: SweetBerry Growth Modifier: 100%
[16:00:28] [Server thread/INFO]: Kelp Growth Modifier: 100%
[16:00:28] [Server thread/INFO]: Experience Merge Radius: 3.0
[16:00:28] [Server thread/INFO]: Mob Spawn Range: 6
[16:00:28] [Server thread/INFO]: Entity Activation Range: An 32 / Mo 32 / Ra 48 / Mi 16 / Tiv true
[16:00:28] [Server thread/INFO]: Hopper Transfer: 8 Hopper Check: 1 Hopper Amount: 1
[16:00:28] [Server thread/INFO]: Custom Map Seeds:  Village: 10387312 Desert: 14357617 Igloo: 14357618 Jungle: 14357619 Swamp: 14357620 Monument: 10387313 Ocean: 14357621 Shipwreck: 165745295 End City: 10387313 Slime: 987234911 Bastion: 30084232 Fortress: 30084232 Mansion: 10387319 Fossil: 14357921 Portal: 34222645
[16:00:28] [Server thread/INFO]: Max TNT Explosions: 100
[16:00:28] [Server thread/INFO]: Tile Max Tick Time: 50ms Entity max Tick Time: 50ms
[16:00:28] [Server thread/INFO]: -------- World Settings For [world_the_end] --------
[16:00:28] [Server thread/INFO]: Entity Tracking Range: Pl 48 / An 48 / Mo 48 / Mi 32 / Other 64
[16:00:28] [Server thread/INFO]: Allow Zombie Pigmen to spawn from portal blocks: true
[16:00:28] [Server thread/INFO]: View Distance: 5
[16:00:28] [Server thread/INFO]: Item Despawn Rate: 6000
[16:00:28] [Server thread/INFO]: Item Merge Radius: 2.5
[16:00:28] [Server thread/INFO]: Arrow Despawn Rate: 1200 Trident Respawn Rate:1200
[16:00:28] [Server thread/INFO]: Zombie Aggressive Towards Villager: true
[16:00:28] [Server thread/INFO]: Nerfing mobs spawned from spawners: false
[16:00:28] [Server thread/INFO]: Cactus Growth Modifier: 100%
[16:00:28] [Server thread/INFO]: Cane Growth Modifier: 100%
[16:00:28] [Server thread/INFO]: Melon Growth Modifier: 100%
[16:00:28] [Server thread/INFO]: Mushroom Growth Modifier: 100%
[16:00:28] [Server thread/INFO]: Pumpkin Growth Modifier: 100%
[16:00:28] [Server thread/INFO]: Sapling Growth Modifier: 100%
[16:00:28] [Server thread/INFO]: Beetroot Growth Modifier: 100%
[16:00:28] [Server thread/INFO]: Carrot Growth Modifier: 100%
[16:00:28] [Server thread/INFO]: Potato Growth Modifier: 100%
[16:00:28] [Server thread/INFO]: Wheat Growth Modifier: 100%
[16:00:28] [Server thread/INFO]: NetherWart Growth Modifier: 100%
[16:00:28] [Server thread/INFO]: Vine Growth Modifier: 100%
[16:00:28] [Server thread/INFO]: Cocoa Growth Modifier: 100%
[16:00:28] [Server thread/INFO]: Bamboo Growth Modifier: 100%
[16:00:28] [Server thread/INFO]: SweetBerry Growth Modifier: 100%
[16:00:28] [Server thread/INFO]: Kelp Growth Modifier: 100%
[16:00:28] [Server thread/INFO]: Experience Merge Radius: 3.0
[16:00:28] [Server thread/INFO]: Mob Spawn Range: 6
[16:00:28] [Server thread/INFO]: Entity Activation Range: An 32 / Mo 32 / Ra 48 / Mi 16 / Tiv true
[16:00:28] [Server thread/INFO]: Hopper Transfer: 8 Hopper Check: 1 Hopper Amount: 1
[16:00:28] [Server thread/INFO]: Custom Map Seeds:  Village: 10387312 Desert: 14357617 Igloo: 14357618 Jungle: 14357619 Swamp: 14357620 Monument: 10387313 Ocean: 14357621 Shipwreck: 165745295 End City: 10387313 Slime: 987234911 Bastion: 30084232 Fortress: 30084232 Mansion: 10387319 Fossil: 14357921 Portal: 34222645
[16:00:28] [Server thread/INFO]: Max TNT Explosions: 100
[16:00:28] [Server thread/INFO]: Tile Max Tick Time: 50ms Entity max Tick Time: 50ms
[16:00:28] [Server thread/INFO]: Preparing start region for dimension minecraft:overworld
[16:00:31] [Server thread/INFO]: Preparing spawn area: 0%
[16:00:31] [Server thread/INFO]: Preparing spawn area: 0%
[16:00:31] [Server thread/INFO]: Preparing spawn area: 0%
[16:00:31] [Server thread/INFO]: Preparing spawn area: 0%
[16:00:31] [Server thread/INFO]: Preparing spawn area: 0%
[16:00:31] [Server thread/INFO]: Preparing spawn area: 0%
[16:00:31] [Worker-Main-3/INFO]: Preparing spawn area: 0%
[16:00:32] [Worker-Main-3/INFO]: Preparing spawn area: 18%
[16:00:32] [Server thread/INFO]: Preparing spawn area: 18%
[16:00:34] [Server thread/INFO]: Time elapsed: 5451 ms
[16:00:34] [Server thread/INFO]: Preparing start region for dimension minecraft:the_nether
[16:00:35] [Server thread/INFO]: Preparing spawn area: 0%
[16:00:35] [Server thread/INFO]: Preparing spawn area: 0%
[16:00:35] [Server thread/INFO]: Preparing spawn area: 0%
[16:00:35] [Server thread/INFO]: Preparing spawn area: 0%
[16:00:36] [Worker-Main-3/INFO]: Preparing spawn area: 0%
[16:00:36] [Server thread/INFO]: Preparing spawn area: 83%
[16:00:37] [Worker-Main-3/INFO]: Preparing spawn area: 97%
[16:00:37] [Worker-Main-3/INFO]: Preparing spawn area: 97%
[16:00:38] [Worker-Main-3/INFO]: Preparing spawn area: 97%
[16:00:38] [Worker-Main-3/INFO]: Preparing spawn area: 97%
[16:00:39] [Worker-Main-3/INFO]: Preparing spawn area: 98%
[16:00:39] [Worker-Main-3/INFO]: Preparing spawn area: 99%
[16:00:39] [Server thread/INFO]: Time elapsed: 5937 ms
[16:00:39] [Server thread/INFO]: Preparing start region for dimension minecraft:the_end
[16:00:41] [Server thread/INFO]: Preparing spawn area: 0%
[16:00:41] [Server thread/INFO]: Preparing spawn area: 0%
[16:00:41] [Server thread/INFO]: Preparing spawn area: 0%
[16:00:41] [Worker-Main-3/INFO]: Preparing spawn area: 83%
[16:00:41] [Worker-Main-3/INFO]: Preparing spawn area: 83%
[16:00:42] [Worker-Main-3/INFO]: Preparing spawn area: 83%
[16:00:42] [Worker-Main-3/INFO]: Preparing spawn area: 83%
[16:00:43] [Worker-Main-3/INFO]: Preparing spawn area: 88%
[16:00:43] [Worker-Main-3/INFO]: Preparing spawn area: 94%
[16:00:44] [Server thread/INFO]: Time elapsed: 4318 ms
[16:00:44] [Server thread/INFO]: [Timber] Enabling Timber v1.0.9
[16:00:44] [Server thread/INFO]: Timber Log Materials: [SPRUCE_LOG, OAK_LOG, JUNGLE_LOG, BIRCH_LOG, DARK_OAK_LOG, ACACIA_LOG]
[16:00:44] [Server thread/INFO]: Timber Axe Materials: [WOODEN_AXE, DIAMOND_AXE, STONE_AXE, NETHERITE_AXE, GOLDEN_AXE, IRON_AXE]
[16:00:44] [Server thread/INFO]: [DeadChest] Enabling DeadChest v4.1.1
[16:00:51] [Server thread/INFO]: [SimpleSpawn-Core] Enabling SimpleSpawn-Core v1.0.2
[16:00:51] [Server thread/INFO]: [SimpleSpawn-TpTo] Enabling SimpleSpawn-TpTo v1.0.2-1.0.0
[16:00:51] [Server thread/INFO]: [SimpleSpawn-Jail] Enabling SimpleSpawn-Jail v1.0.2-1.0.2
[16:00:51] [Server thread/INFO]: [SimpleSpawn-Work] Enabling SimpleSpawn-Work v1.0.2-1.0.2
[16:00:51] [Server thread/INFO]: [SimpleSpawn-Home] Enabling SimpleSpawn-Home v1.0.2-1.0.2
[16:00:51] [Server thread/INFO]: [SimpleSpawn-Back] Enabling SimpleSpawn-Back v1.0.2-1.0.2
[16:00:51] [Server thread/INFO]: [SimpleSpawn-Warp] Enabling SimpleSpawn-Warp v1.0.2-1.0.2
[16:00:51] [Server thread/INFO]: Server permissions file permissions.yml is empty, ignoring it
[16:00:51] [Server thread/INFO]: Done (23.413s)! For help, type "help"
[16:00:51] [Craft Scheduler Thread - 0/INFO]: [Vault] Checking for Updates ... 
[16:00:52] [Craft Scheduler Thread - 0/INFO]: [Vault] No new version available
